<?xml version="1.0" encoding="UTF-8"?>
<testsuite xmlns:xsi="http://www.w3.org/2001/XMLSchema-instance" xsi:noNamespaceSchemaLocation="https://maven.apache.org/surefire/maven-surefire-plugin/xsd/surefire-test-report-3.0.xsd" version="3.0" name="com.tsti.Daos2023ApplicationTests" time="24.56" tests="1" errors="0" skipped="0" failures="0">
  <properties>
[...]
</properties>
  <testcase name="contextLoads" classname="com.tsti.Daos2023ApplicationTests" time="0.775">
    <system-out><![CDATA[22:30:00.326 [main] INFO org.springframework.test.context.support.AnnotationConfigContextLoaderUtils -- Could not detect default configuration classes for test class [com.tsti.Daos2023ApplicationTests]: Daos2023ApplicationTests does not declare any static, non-private, non-final, nested classes annotated with @Configuration.
22:30:00.506 [main] INFO org.springframework.boot.test.context.SpringBootTestContextBootstrapper -- Found @SpringBootConfiguration com.tsti.Daos2023Application for test class com.tsti.Daos2023ApplicationTests

  .   ____          _            __ _ _
 /\\ / ___'_ __ _ _(_)_ __  __ _ \ \ \ \
( ( )\___ | '_ | '_| | '_ \/ _` | \ \ \ \
 \\/  ___)| |_)| | | | | || (_| |  ) ) ) )
  '  |____| .__|_| |_|_| |_\__, | / / / /
 =========|_|==============|___/=/_/_/_/
 :: Spring Boot ::                (v3.1.0)

2023-09-27T22:30:01.202-03:00  INFO 11380 --- [           main] com.tsti.Daos2023ApplicationTests        : Starting Daos2023ApplicationTests using Java 19.0.2 with PID 11380 (started by Bruno in C:\Users\Bruno\Documents\Git\daos2023)
2023-09-27T22:30:01.204-03:00  INFO 11380 --- [           main] com.tsti.Daos2023ApplicationTests        : No active profile set, falling back to 1 default profile: "default"
2023-09-27T22:30:02.772-03:00  INFO 11380 --- [           main] .s.d.r.c.RepositoryConfigurationDelegate : Bootstrapping Spring Data JPA repositories in DEFAULT mode.
2023-09-27T22:30:02.937-03:00  INFO 11380 --- [           main] .s.d.r.c.RepositoryConfigurationDelegate : Finished Spring Data repository scanning in 151 ms. Found 6 JPA repository interfaces.
2023-09-27T22:30:03.948-03:00  INFO 11380 --- [           main] o.hibernate.jpa.internal.util.LogHelper  : HHH000204: Processing PersistenceUnitInfo [name: default]
2023-09-27T22:30:04.053-03:00  INFO 11380 --- [           main] org.hibernate.Version                    : HHH000412: Hibernate ORM core version 6.2.2.Final
2023-09-27T22:30:04.060-03:00  INFO 11380 --- [           main] org.hibernate.cfg.Environment            : HHH000406: Using bytecode reflection optimizer
2023-09-27T22:30:04.408-03:00  INFO 11380 --- [           main] o.h.b.i.BytecodeProviderInitiator        : HHH000021: Bytecode provider name : bytebuddy
2023-09-27T22:30:04.667-03:00  INFO 11380 --- [           main] o.s.o.j.p.SpringPersistenceUnitInfo      : No LoadTimeWeaver setup: ignoring JPA class transformer
2023-09-27T22:30:04.693-03:00  INFO 11380 --- [           main] com.zaxxer.hikari.HikariDataSource       : HikariPool-1 - Starting...
2023-09-27T22:30:05.090-03:00  INFO 11380 --- [           main] com.zaxxer.hikari.pool.HikariPool        : HikariPool-1 - Added connection conn0: url=jdbc:h2:file:./data/airport-management user=ROOT
2023-09-27T22:30:05.092-03:00  INFO 11380 --- [           main] com.zaxxer.hikari.HikariDataSource       : HikariPool-1 - Start completed.
2023-09-27T22:30:05.123-03:00  INFO 11380 --- [           main] org.hibernate.orm.dialect                : HHH035001: Using dialect: org.hibernate.dialect.H2Dialect, version: 2.1.214
2023-09-27T22:30:05.654-03:00  INFO 11380 --- [           main] o.h.b.i.BytecodeProviderInitiator        : HHH000021: Bytecode provider name : bytebuddy
2023-09-27T22:30:07.049-03:00  INFO 11380 --- [           main] o.h.e.t.j.p.i.JtaPlatformInitiator       : HHH000490: Using JtaPlatform implementation: [org.hibernate.engine.transaction.jta.platform.internal.NoJtaPlatform]
2023-09-27T22:30:07.121-03:00  INFO 11380 --- [           main] o.h.t.s.i.e.GenerationTargetToDatabase   : HHH000476: Executing script '[injected ScriptSourceInputNonExistentImpl script]'
2023-09-27T22:30:07.123-03:00  INFO 11380 --- [           main] j.LocalContainerEntityManagerFactoryBean : Initialized JPA EntityManagerFactory for persistence unit 'default'
2023-09-27T22:30:07.868-03:00  INFO 11380 --- [           main] o.s.d.j.r.query.QueryEnhancerFactory     : Hibernate is in classpath; If applicable, HQL parser will be used.
2023-09-27T22:30:09.157-03:00  WARN 11380 --- [           main] JpaBaseConfiguration$JpaWebConfiguration : spring.jpa.open-in-view is enabled by default. Therefore, database queries may be performed during view rendering. Explicitly configure spring.jpa.open-in-view to disable this warning
2023-09-27T22:30:09.589-03:00  INFO 11380 --- [           main] o.s.s.web.DefaultSecurityFilterChain     : Will secure any request with [org.springframework.security.web.session.DisableEncodeUrlFilter@1b2c513e, org.springframework.security.web.context.request.async.WebAsyncManagerIntegrationFilter@4098ef14, org.springframework.security.web.context.SecurityContextHolderFilter@1cb3de26, org.springframework.security.web.header.HeaderWriterFilter@26c9225a, org.springframework.security.web.csrf.CsrfFilter@7942987, org.springframework.security.web.authentication.logout.LogoutFilter@25c887ca, org.springframework.security.web.authentication.UsernamePasswordAuthenticationFilter@734db023, org.springframework.security.web.savedrequest.RequestCacheAwareFilter@30d5668a, org.springframework.security.web.servletapi.SecurityContextHolderAwareRequestFilter@72b8b04f, org.springframework.security.web.authentication.AnonymousAuthenticationFilter@1b74a062, org.springframework.security.web.access.ExceptionTranslationFilter@43b45e77, org.springframework.security.web.access.intercept.AuthorizationFilter@7cc742d]
2023-09-27T22:30:10.306-03:00  INFO 11380 --- [           main] o.s.b.a.h2.H2ConsoleAutoConfiguration    : H2 console available at '/h2-console'. Database available at 'jdbc:h2:file:./data/airport-management'
2023-09-27T22:30:10.434-03:00  INFO 11380 --- [           main] com.tsti.Daos2023ApplicationTests        : Started Daos2023ApplicationTests in 9.707 seconds (process running for 11.191)
Vuelo [nroVuelo=null, hora de partida= 17:36, nroFila=0, nroColumnas=0, tipo_vuelo=INTERNACIONAL, Origen=Aeropuerto [icao=SATM, iata=MDX, name=Mercedes Airport, state=Corrientes, country=AR, elevation=358, lat=-29.2213993073, lon=-58.0877990723, tz=America/Argentina/Cordoba], Destino=Aeropuerto [icao=3PN6, iata=, name=Gravel Run Airport, state=Pennsylvania, country=US, elevation=1240, lat=41.7500991821, lon=-80.0830993652, tz=America/New_York], Estado=REGISTRADO]
Vuelo [nroVuelo=null, hora de partida= 17:47, nroFila=0, nroColumnas=0, tipo_vuelo=INTERNACIONAL, Origen=Aeropuerto [icao=SATM, iata=MDX, name=Mercedes Airport, state=Corrientes, country=AR, elevation=358, lat=-29.2213993073, lon=-58.0877990723, tz=America/Argentina/Cordoba], Destino=Aeropuerto [icao=SSFA, iata=, name=Foz do Areia Airport, state=Parana, country=BR, elevation=3645, lat=-25.9815006256, lon=-51.6407012939, tz=America/Sao_Paulo], Estado=REGISTRADO]
Vuelo [nroVuelo=null, hora de partida= 03:41, nroFila=0, nroColumnas=0, tipo_vuelo=INTERNACIONAL, Origen=Aeropuerto [icao=SATM, iata=MDX, name=Mercedes Airport, state=Corrientes, country=AR, elevation=358, lat=-29.2213993073, lon=-58.0877990723, tz=America/Argentina/Cordoba], Destino=Aeropuerto [icao=KE01, iata=, name=Roy Hurd Memorial Airport, state=Texas, country=US, elevation=2615, lat=31.5825004578, lon=-102.908996582, tz=America/Chicago], Estado=REGISTRADO]
Vuelo [nroVuelo=null, hora de partida= 04:54, nroFila=0, nroColumnas=0, tipo_vuelo=INTERNACIONAL, Origen=Aeropuerto [icao=SATM, iata=MDX, name=Mercedes Airport, state=Corrientes, country=AR, elevation=358, lat=-29.2213993073, lon=-58.0877990723, tz=America/Argentina/Cordoba], Destino=Aeropuerto [icao=WAPD, iata=DOB, name=Dobo Airport, state=Maluku, country=ID, elevation=15, lat=-5.7722201347, lon=134.2120056152, tz=Asia/Jayapura], Estado=REGISTRADO]
Vuelo [nroVuelo=null, hora de partida= 19:25, nroFila=0, nroColumnas=0, tipo_vuelo=INTERNACIONAL, Origen=Aeropuerto [icao=SATM, iata=MDX, name=Mercedes Airport, state=Corrientes, country=AR, elevation=358, lat=-29.2213993073, lon=-58.0877990723, tz=America/Argentina/Cordoba], Destino=Aeropuerto [icao=KOSA, iata=MPS, name=Mount Pleasant Regional Airport, state=Texas, country=US, elevation=364, lat=33.09550095, lon=-94.96150208, tz=America/Chicago], Estado=REGISTRADO]
Vuelo [nroVuelo=null, hora de partida= 17:07, nroFila=0, nroColumnas=0, tipo_vuelo=INTERNACIONAL, Origen=Aeropuerto [icao=SATM, iata=MDX, name=Mercedes Airport, state=Corrientes, country=AR, elevation=358, lat=-29.2213993073, lon=-58.0877990723, tz=America/Argentina/Cordoba], Destino=Aeropuerto [icao=EGDC, iata=, name=Royal Marines Base Chivenor Airport, state=England, country=GB, elevation=27, lat=51.0872001648, lon=-4.1503400803, tz=Europe/London], Estado=REGISTRADO]
Vuelo [nroVuelo=null, hora de partida= 01:10, nroFila=0, nroColumnas=0, tipo_vuelo=INTERNACIONAL, Origen=Aeropuerto [icao=SATM, iata=MDX, name=Mercedes Airport, state=Corrientes, country=AR, elevation=358, lat=-29.2213993073, lon=-58.0877990723, tz=America/Argentina/Cordoba], Destino=Aeropuerto [icao=46FD, iata=, name=Tater Farms Strip, state=Florida, country=US, elevation=14, lat=29.6679992676, lon=-81.4972991943, tz=America/New_York], Estado=REGISTRADO]
Vuelo [nroVuelo=null, hora de partida= 22:31, nroFila=0, nroColumnas=0, tipo_vuelo=INTERNACIONAL, Origen=Aeropuerto [icao=SATM, iata=MDX, name=Mercedes Airport, state=Corrientes, country=AR, elevation=358, lat=-29.2213993073, lon=-58.0877990723, tz=America/Argentina/Cordoba], Destino=Aeropuerto [icao=PS43, iata=, name=Barnes Farmland Airport, state=Pennsylvania, country=US, elevation=1280, lat=41.0680999756, lon=-80.255897522, tz=America/New_York], Estado=REGISTRADO]
Vuelo [nroVuelo=null, hora de partida= 10:10, nroFila=0, nroColumnas=0, tipo_vuelo=INTERNACIONAL, Origen=Aeropuerto [icao=SATM, iata=MDX, name=Mercedes Airport, state=Corrientes, country=AR, elevation=358, lat=-29.2213993073, lon=-58.0877990723, tz=America/Argentina/Cordoba], Destino=Aeropuerto [icao=WI20, iata=, name=Larson Studio Airport, state=Wisconsin, country=US, elevation=700, lat=44.8829994202, lon=-88.0920028687, tz=America/Chicago], Estado=REGISTRADO]
Vuelo [nroVuelo=null, hora de partida= 09:23, nroFila=0, nroColumnas=0, tipo_vuelo=INTERNACIONAL, Origen=Aeropuerto [icao=SATM, iata=MDX, name=Mercedes Airport, state=Corrientes, country=AR, elevation=358, lat=-29.2213993073, lon=-58.0877990723, tz=America/Argentina/Cordoba], Destino=Aeropuerto [icao=SWBW, iata=, name=Agro Pousadas do Guapore Airport, state=Mato-Grosso, country=BR, elevation=886, lat=-14.7683334351, lon=-60.0344429016, tz=America/Cuiaba], Estado=REGISTRADO]
Vuelo [nroVuelo=null, hora de partida= 09:44, nroFila=0, nroColumnas=0, tipo_vuelo=INTERNACIONAL, Origen=Aeropuerto [icao=SATM, iata=MDX, name=Mercedes Airport, state=Corrientes, country=AR, elevation=358, lat=-29.2213993073, lon=-58.0877990723, tz=America/Argentina/Cordoba], Destino=Aeropuerto [icao=EBSL, iata=, name=Zutendaal Air Base, state=Flanders, country=BE, elevation=312, lat=50.9474983215, lon=5.5905599594, tz=Europe/Brussels], Estado=REGISTRADO]
Vuelo [nroVuelo=null, hora de partida= 03:43, nroFila=0, nroColumnas=0, tipo_vuelo=INTERNACIONAL, Origen=Aeropuerto [icao=SATM, iata=MDX, name=Mercedes Airport, state=Corrientes, country=AR, elevation=358, lat=-29.2213993073, lon=-58.0877990723, tz=America/Argentina/Cordoba], Destino=Aeropuerto [icao=ZYTN, iata=TNH, name=Tonghua Sanyuanpu Airport, state=Jilin, country=CN, elevation=1200, lat=42.2538888889, lon=125.703333333, tz=Asia/Shanghai], Estado=REGISTRADO]
Vuelo [nroVuelo=null, hora de partida= 14:33, nroFila=0, nroColumnas=0, tipo_vuelo=INTERNACIONAL, Origen=Aeropuerto [icao=SATM, iata=MDX, name=Mercedes Airport, state=Corrientes, country=AR, elevation=358, lat=-29.2213993073, lon=-58.0877990723, tz=America/Argentina/Cordoba], Destino=Aeropuerto [icao=88OK, iata=, name=Hilltop Airport, state=Oklahoma, country=US, elevation=1070, lat=36.1934013367, lon=-97.0906982422, tz=America/Chicago], Estado=REGISTRADO]
Vuelo [nroVuelo=null, hora de partida= 23:10, nroFila=0, nroColumnas=0, tipo_vuelo=INTERNACIONAL, Origen=Aeropuerto [icao=SATM, iata=MDX, name=Mercedes Airport, state=Corrientes, country=AR, elevation=358, lat=-29.2213993073, lon=-58.0877990723, tz=America/Argentina/Cordoba], Destino=Aeropuerto [icao=1IS0, iata=, name=Harold Emmerich Airport, state=Illinois, country=US, elevation=515, lat=38.5242004395, lon=-89.9322967529, tz=America/Chicago], Estado=REGISTRADO]
Vuelo [nroVuelo=null, hora de partida= 18:30, nroFila=0, nroColumnas=0, tipo_vuelo=INTERNACIONAL, Origen=Aeropuerto [icao=SATM, iata=MDX, name=Mercedes Airport, state=Corrientes, country=AR, elevation=358, lat=-29.2213993073, lon=-58.0877990723, tz=America/Argentina/Cordoba], Destino=Aeropuerto [icao=SNIN, iata=, name=Prainha Airport, state=Para, country=BR, elevation=279, lat=-1.8002779484, lon=-53.4838905334, tz=America/Santarem], Estado=REGISTRADO]
Vuelo [nroVuelo=null, hora de partida= 08:51, nroFila=0, nroColumnas=0, tipo_vuelo=INTERNACIONAL, Origen=Aeropuerto [icao=SATM, iata=MDX, name=Mercedes Airport, state=Corrientes, country=AR, elevation=358, lat=-29.2213993073, lon=-58.0877990723, tz=America/Argentina/Cordoba], Destino=Aeropuerto [icao=NVVA, iata=AUY, name=Anelghowhat Airport, state=Tafea, country=VU, elevation=7, lat=-20.2492008209, lon=169.7709960938, tz=Pacific/Efate], Estado=REGISTRADO]
Vuelo [nroVuelo=null, hora de partida= 15:50, nroFila=0, nroColumnas=0, tipo_vuelo=INTERNACIONAL, Origen=Aeropuerto [icao=SATM, iata=MDX, name=Mercedes Airport, state=Corrientes, country=AR, elevation=358, lat=-29.2213993073, lon=-58.0877990723, tz=America/Argentina/Cordoba], Destino=Aeropuerto [icao=LFMC, iata=, name=Le Luc-Le Cannet Airport, state=Provence-Alpes-Cote-d'Azur, country=FR, elevation=265, lat=43.3847007751, lon=6.3871397972, tz=Europe/Paris], Estado=REGISTRADO]
Vuelo [nroVuelo=null, hora de partida= 00:12, nroFila=0, nroColumnas=0, tipo_vuelo=INTERNACIONAL, Origen=Aeropuerto [icao=SATM, iata=MDX, name=Mercedes Airport, state=Corrientes, country=AR, elevation=358, lat=-29.2213993073, lon=-58.0877990723, tz=America/Argentina/Cordoba], Destino=Aeropuerto [icao=2VA6, iata=, name=Arrowhead Point Airport, state=Virginia, country=US, elevation=85, lat=37.6237983704, lon=-76.6010971069, tz=America/New_York], Estado=REGISTRADO]
Vuelo [nroVuelo=null, hora de partida= 06:21, nroFila=0, nroColumnas=0, tipo_vuelo=INTERNACIONAL, Origen=Aeropuerto [icao=SATM, iata=MDX, name=Mercedes Airport, state=Corrientes, country=AR, elevation=358, lat=-29.2213993073, lon=-58.0877990723, tz=America/Argentina/Cordoba], Destino=Aeropuerto [icao=K4V9, iata=, name=Antelope County Airport, state=Nebraska, country=US, elevation=1774, lat=42.11220169, lon=-98.03869629, tz=America/Chicago], Estado=REGISTRADO]
Vuelo [nroVuelo=null, hora de partida= 23:59, nroFila=0, nroColumnas=0, tipo_vuelo=INTERNACIONAL, Origen=Aeropuerto [icao=SATM, iata=MDX, name=Mercedes Airport, state=Corrientes, country=AR, elevation=358, lat=-29.2213993073, lon=-58.0877990723, tz=America/Argentina/Cordoba], Destino=Aeropuerto [icao=KEWR, iata=EWR, name=Newark Liberty International Airport, state=New-Jersey, country=US, elevation=18, lat=40.6925010681, lon=-74.1687011719, tz=America/New_York], Estado=REGISTRADO]
Vuelo [nroVuelo=null, hora de partida= 11:54, nroFila=0, nroColumnas=0, tipo_vuelo=INTERNACIONAL, Origen=Aeropuerto [icao=SATM, iata=MDX, name=Mercedes Airport, state=Corrientes, country=AR, elevation=358, lat=-29.2213993073, lon=-58.0877990723, tz=America/Argentina/Cordoba], Destino=Aeropuerto [icao=SCHL, iata=, name=Hacienda Lipangue Airport, state=Santiago-Metropolitan, country=CL, elevation=1745, lat=-33.3352775574, lon=-70.9111099243, tz=America/Santiago], Estado=REGISTRADO]
Vuelo [nroVuelo=null, hora de partida= 15:49, nroFila=0, nroColumnas=0, tipo_vuelo=INTERNACIONAL, Origen=Aeropuerto [icao=SATM, iata=MDX, name=Mercedes Airport, state=Corrientes, country=AR, elevation=358, lat=-29.2213993073, lon=-58.0877990723, tz=America/Argentina/Cordoba], Destino=Aeropuerto [icao=KP20, iata=, name=Avi Suquilla Airport, state=Arizona, country=US, elevation=452, lat=34.1506004333, lon=-114.2710037231, tz=America/Los_Angeles], Estado=REGISTRADO]
Vuelo [nroVuelo=null, hora de partida= 18:24, nroFila=0, nroColumnas=0, tipo_vuelo=INTERNACIONAL, Origen=Aeropuerto [icao=SATM, iata=MDX, name=Mercedes Airport, state=Corrientes, country=AR, elevation=358, lat=-29.2213993073, lon=-58.0877990723, tz=America/Argentina/Cordoba], Destino=Aeropuerto [icao=LFYK, iata=, name=Marville Montmedy Airport, state=Grand-Est, country=FR, elevation=909, lat=49.4592018127, lon=5.4025001526, tz=Europe/Paris], Estado=REGISTRADO]
Vuelo [nroVuelo=null, hora de partida= 21:27, nroFila=0, nroColumnas=0, tipo_vuelo=INTERNACIONAL, Origen=Aeropuerto [icao=SATM, iata=MDX, name=Mercedes Airport, state=Corrientes, country=AR, elevation=358, lat=-29.2213993073, lon=-58.0877990723, tz=America/Argentina/Cordoba], Destino=Aeropuerto [icao=KM73, iata=, name=Almyra Municipal Airport, state=Arkansas, country=US, elevation=211, lat=34.4123001099, lon=-91.4663009644, tz=America/Chicago], Estado=REGISTRADO]
Vuelo [nroVuelo=null, hora de partida= 18:25, nroFila=0, nroColumnas=0, tipo_vuelo=INTERNACIONAL, Origen=Aeropuerto [icao=SATM, iata=MDX, name=Mercedes Airport, state=Corrientes, country=AR, elevation=358, lat=-29.2213993073, lon=-58.0877990723, tz=America/Argentina/Cordoba], Destino=Aeropuerto [icao=FAMQ, iata=, name=Maclear Airport, state=Eastern-Cape, country=ZA, elevation=4106, lat=-31.0832996368, lon=28.3763999939, tz=Africa/Johannesburg], Estado=REGISTRADO]
Vuelo [nroVuelo=null, hora de partida= 11:32, nroFila=0, nroColumnas=0, tipo_vuelo=INTERNACIONAL, Origen=Aeropuerto [icao=SATM, iata=MDX, name=Mercedes Airport, state=Corrientes, country=AR, elevation=358, lat=-29.2213993073, lon=-58.0877990723, tz=America/Argentina/Cordoba], Destino=Aeropuerto [icao=K08M, iata=, name=Carthage-Leake County Airport, state=Mississippi, country=US, elevation=454, lat=32.7611999512, lon=-89.5300979614, tz=America/Chicago], Estado=REGISTRADO]
Vuelo [nroVuelo=null, hora de partida= 10:42, nroFila=0, nroColumnas=0, tipo_vuelo=INTERNACIONAL, Origen=Aeropuerto [icao=SATM, iata=MDX, name=Mercedes Airport, state=Corrientes, country=AR, elevation=358, lat=-29.2213993073, lon=-58.0877990723, tz=America/Argentina/Cordoba], Destino=Aeropuerto [icao=SSLZ, iata=, name=Fazenda Vitoria do Ivinhema Airport, state=Mato-Grosso-do-Sul, country=BR, elevation=1296, lat=-22.5197219849, lon=-53.6647224426, tz=America/Campo_Grande], Estado=REGISTRADO]
Vuelo [nroVuelo=null, hora de partida= 20:47, nroFila=0, nroColumnas=0, tipo_vuelo=INTERNACIONAL, Origen=Aeropuerto [icao=SATM, iata=MDX, name=Mercedes Airport, state=Corrientes, country=AR, elevation=358, lat=-29.2213993073, lon=-58.0877990723, tz=America/Argentina/Cordoba], Destino=Aeropuerto [icao=SNQW, iata=, name=Cururu Airport, state=Para, country=BR, elevation=453, lat=-7.5644440651, lon=-57.7422218323, tz=America/Santarem], Estado=REGISTRADO]
Vuelo [nroVuelo=null, hora de partida= 08:24, nroFila=0, nroColumnas=0, tipo_vuelo=INTERNACIONAL, Origen=Aeropuerto [icao=SATM, iata=MDX, name=Mercedes Airport, state=Corrientes, country=AR, elevation=358, lat=-29.2213993073, lon=-58.0877990723, tz=America/Argentina/Cordoba], Destino=Aeropuerto [icao=KUAO, iata=, name=Aurora State Airport, state=Oregon, country=US, elevation=200, lat=45.2471008301, lon=-122.7699966431, tz=America/Los_Angeles], Estado=REGISTRADO]
Vuelo [nroVuelo=null, hora de partida= 12:55, nroFila=0, nroColumnas=0, tipo_vuelo=INTERNACIONAL, Origen=Aeropuerto [icao=SATM, iata=MDX, name=Mercedes Airport, state=Corrientes, country=AR, elevation=358, lat=-29.2213993073, lon=-58.0877990723, tz=America/Argentina/Cordoba], Destino=Aeropuerto [icao=K1G3, iata=, name=Kent State University Airport, state=Ohio, country=US, elevation=1134, lat=41.15140152, lon=-81.4151001, tz=America/New_York], Estado=REGISTRADO]
Vuelo [nroVuelo=null, hora de partida= 19:19, nroFila=0, nroColumnas=0, tipo_vuelo=INTERNACIONAL, Origen=Aeropuerto [icao=SATM, iata=MDX, name=Mercedes Airport, state=Corrientes, country=AR, elevation=358, lat=-29.2213993073, lon=-58.0877990723, tz=America/Argentina/Cordoba], Destino=Aeropuerto [icao=SIZR, iata=, name=Fazenda Carolina Airport, state=Rondonia, country=BR, elevation=853, lat=-12.9005556107, lon=-61.1300010681, tz=America/Porto_Velho], Estado=REGISTRADO]
Vuelo [nroVuelo=null, hora de partida= 17:11, nroFila=0, nroColumnas=0, tipo_vuelo=INTERNACIONAL, Origen=Aeropuerto [icao=SATM, iata=MDX, name=Mercedes Airport, state=Corrientes, country=AR, elevation=358, lat=-29.2213993073, lon=-58.0877990723, tz=America/Argentina/Cordoba], Destino=Aeropuerto [icao=ORMM, iata=BSR, name=Basrah International Airport, state=Basra, country=IQ, elevation=11, lat=30.5491008759, lon=47.6621017456, tz=Asia/Baghdad], Estado=REGISTRADO]
Vuelo [nroVuelo=null, hora de partida= 00:08, nroFila=0, nroColumnas=0, tipo_vuelo=INTERNACIONAL, Origen=Aeropuerto [icao=SATM, iata=MDX, name=Mercedes Airport, state=Corrientes, country=AR, elevation=358, lat=-29.2213993073, lon=-58.0877990723, tz=America/Argentina/Cordoba], Destino=Aeropuerto [icao=SD19, iata=, name=Andersen Farms Airport, state=South-Dakota, country=US, elevation=1750, lat=44.4653015137, lon=-97.2225036621, tz=America/Chicago], Estado=REGISTRADO]
Vuelo [nroVuelo=null, hora de partida= 11:31, nroFila=0, nroColumnas=0, tipo_vuelo=INTERNACIONAL, Origen=Aeropuerto [icao=SATM, iata=MDX, name=Mercedes Airport, state=Corrientes, country=AR, elevation=358, lat=-29.2213993073, lon=-58.0877990723, tz=America/Argentina/Cordoba], Destino=Aeropuerto [icao=80WI, iata=, name=Spring Creek Airport, state=Wisconsin, country=US, elevation=800, lat=44.0229988098, lon=-89.1384963989, tz=America/Chicago], Estado=REGISTRADO]
Vuelo [nroVuelo=null, hora de partida= 15:21, nroFila=0, nroColumnas=0, tipo_vuelo=INTERNACIONAL, Origen=Aeropuerto [icao=SATM, iata=MDX, name=Mercedes Airport, state=Corrientes, country=AR, elevation=358, lat=-29.2213993073, lon=-58.0877990723, tz=America/Argentina/Cordoba], Destino=Aeropuerto [icao=ETSF, iata=FEL, name=Furstenfeldbruck Airport, state=Bavaria, country=DE, elevation=1703, lat=48.2055549622, lon=11.2669439316, tz=Europe/Berlin], Estado=REGISTRADO]
Vuelo [nroVuelo=null, hora de partida= 14:43, nroFila=0, nroColumnas=0, tipo_vuelo=INTERNACIONAL, Origen=Aeropuerto [icao=SATM, iata=MDX, name=Mercedes Airport, state=Corrientes, country=AR, elevation=358, lat=-29.2213993073, lon=-58.0877990723, tz=America/Argentina/Cordoba], Destino=Aeropuerto [icao=02CO, iata=, name=Mc Cullough Airport, state=Colorado, country=US, elevation=7615, lat=37.6432991028, lon=-106.04699707, tz=America/Denver], Estado=REGISTRADO]
Vuelo [nroVuelo=null, hora de partida= 05:28, nroFila=0, nroColumnas=0, tipo_vuelo=INTERNACIONAL, Origen=Aeropuerto [icao=SATM, iata=MDX, name=Mercedes Airport, state=Corrientes, country=AR, elevation=358, lat=-29.2213993073, lon=-58.0877990723, tz=America/Argentina/Cordoba], Destino=Aeropuerto [icao=FVTD, iata=, name=Tinfields Airport, state=Masvingo, country=ZW, elevation=3600, lat=-19.9500007629, lon=31.4330005646, tz=Africa/Harare], Estado=REGISTRADO]
Vuelo [nroVuelo=null, hora de partida= 02:43, nroFila=0, nroColumnas=0, tipo_vuelo=INTERNACIONAL, Origen=Aeropuerto [icao=SATM, iata=MDX, name=Mercedes Airport, state=Corrientes, country=AR, elevation=358, lat=-29.2213993073, lon=-58.0877990723, tz=America/Argentina/Cordoba], Destino=Aeropuerto [icao=KVYS, iata=VYS, name=Illinois Valley Regional-Walter A Duncan field, state=Illinois, country=US, elevation=654, lat=41.35189819, lon=-89.15309906, tz=America/Chicago], Estado=REGISTRADO]
Vuelo [nroVuelo=null, hora de partida= 10:18, nroFila=0, nroColumnas=0, tipo_vuelo=INTERNACIONAL, Origen=Aeropuerto [icao=SATM, iata=MDX, name=Mercedes Airport, state=Corrientes, country=AR, elevation=358, lat=-29.2213993073, lon=-58.0877990723, tz=America/Argentina/Cordoba], Destino=Aeropuerto [icao=02II, iata=, name=King Ultralightport, state=Indiana, country=US, elevation=925, lat=40.0623016357, lon=-86.2105026245, tz=America/Indiana/Indianapolis], Estado=REGISTRADO]
Vuelo [nroVuelo=null, hora de partida= 12:19, nroFila=0, nroColumnas=0, tipo_vuelo=INTERNACIONAL, Origen=Aeropuerto [icao=SATM, iata=MDX, name=Mercedes Airport, state=Corrientes, country=AR, elevation=358, lat=-29.2213993073, lon=-58.0877990723, tz=America/Argentina/Cordoba], Destino=Aeropuerto [icao=CJS5, iata=, name=Killarney Municipal Airport, state=Manitoba, country=CA, elevation=1680, lat=49.1516990662, lon=-99.6902999878, tz=America/Winnipeg], Estado=REGISTRADO]
Vuelo [nroVuelo=null, hora de partida= 23:27, nroFila=0, nroColumnas=0, tipo_vuelo=INTERNACIONAL, Origen=Aeropuerto [icao=SATM, iata=MDX, name=Mercedes Airport, state=Corrientes, country=AR, elevation=358, lat=-29.2213993073, lon=-58.0877990723, tz=America/Argentina/Cordoba], Destino=Aeropuerto [icao=KAEL, iata=AEL, name=Albert Lea Municipal Airport, state=Minnesota, country=US, elevation=1260, lat=43.68149948, lon=-93.36720276, tz=America/Chicago], Estado=REGISTRADO]
Vuelo [nroVuelo=null, hora de partida= 03:07, nroFila=0, nroColumnas=0, tipo_vuelo=INTERNACIONAL, Origen=Aeropuerto [icao=SATM, iata=MDX, name=Mercedes Airport, state=Corrientes, country=AR, elevation=358, lat=-29.2213993073, lon=-58.0877990723, tz=America/Argentina/Cordoba], Destino=Aeropuerto [icao=0MO6, iata=, name=Hall Airport, state=Missouri, country=US, elevation=850, lat=40.1166992188, lon=-92.2668991089, tz=America/Chicago], Estado=REGISTRADO]
Vuelo [nroVuelo=null, hora de partida= 06:45, nroFila=0, nroColumnas=0, tipo_vuelo=INTERNACIONAL, Origen=Aeropuerto [icao=SATM, iata=MDX, name=Mercedes Airport, state=Corrientes, country=AR, elevation=358, lat=-29.2213993073, lon=-58.0877990723, tz=America/Argentina/Cordoba], Destino=Aeropuerto [icao=EK_2, iata=, name=Femo Airfield, state=Zealand, country=DK, elevation=2, lat=54.9841151907, lon=11.5376615524, tz=Europe/Copenhagen], Estado=REGISTRADO]
Vuelo [nroVuelo=null, hora de partida= 16:49, nroFila=0, nroColumnas=0, tipo_vuelo=INTERNACIONAL, Origen=Aeropuerto [icao=SATM, iata=MDX, name=Mercedes Airport, state=Corrientes, country=AR, elevation=358, lat=-29.2213993073, lon=-58.0877990723, tz=America/Argentina/Cordoba], Destino=Aeropuerto [icao=3AK6, iata=, name=B & B Boys Ranch Airport, state=Alaska, country=US, elevation=300, lat=61.5928993225, lon=-149.3020019531, tz=America/Anchorage], Estado=REGISTRADO]
Vuelo [nroVuelo=null, hora de partida= 00:36, nroFila=0, nroColumnas=0, tipo_vuelo=INTERNACIONAL, Origen=Aeropuerto [icao=SATM, iata=MDX, name=Mercedes Airport, state=Corrientes, country=AR, elevation=358, lat=-29.2213993073, lon=-58.0877990723, tz=America/Argentina/Cordoba], Destino=Aeropuerto [icao=KSGH, iata=SGH, name=Springfield Beckley Municipal Airport, state=Ohio, country=US, elevation=1051, lat=39.8403015137, lon=-83.8402023315, tz=America/New_York], Estado=REGISTRADO]
Vuelo [nroVuelo=null, hora de partida= 08:56, nroFila=0, nroColumnas=0, tipo_vuelo=INTERNACIONAL, Origen=Aeropuerto [icao=SATM, iata=MDX, name=Mercedes Airport, state=Corrientes, country=AR, elevation=358, lat=-29.2213993073, lon=-58.0877990723, tz=America/Argentina/Cordoba], Destino=Aeropuerto [icao=8TN6, iata=, name=Baker Field, state=Tennessee, country=US, elevation=560, lat=35.9211006165, lon=-86.3447036743, tz=America/Chicago], Estado=REGISTRADO]
Vuelo [nroVuelo=null, hora de partida= 04:18, nroFila=0, nroColumnas=0, tipo_vuelo=INTERNACIONAL, Origen=Aeropuerto [icao=SATM, iata=MDX, name=Mercedes Airport, state=Corrientes, country=AR, elevation=358, lat=-29.2213993073, lon=-58.0877990723, tz=America/Argentina/Cordoba], Destino=Aeropuerto [icao=4OI7, iata=, name=R & M Aviation Airport, state=Ohio, country=US, elevation=690, lat=41.4537010193, lon=-81.9701004028, tz=America/New_York], Estado=REGISTRADO]
Vuelo [nroVuelo=null, hora de partida= 11:15, nroFila=0, nroColumnas=0, tipo_vuelo=INTERNACIONAL, Origen=Aeropuerto [icao=SATM, iata=MDX, name=Mercedes Airport, state=Corrientes, country=AR, elevation=358, lat=-29.2213993073, lon=-58.0877990723, tz=America/Argentina/Cordoba], Destino=Aeropuerto [icao=SSBW, iata=, name=Fazenda Boa Sorte Airport, state=Mato-Grosso-do-Sul, country=BR, elevation=1083, lat=-20.9130554199, lon=-55.0136108398, tz=America/Campo_Grande], Estado=REGISTRADO]
Vuelo [nroVuelo=null, hora de partida= 18:59, nroFila=0, nroColumnas=0, tipo_vuelo=INTERNACIONAL, Origen=Aeropuerto [icao=SATM, iata=MDX, name=Mercedes Airport, state=Corrientes, country=AR, elevation=358, lat=-29.2213993073, lon=-58.0877990723, tz=America/Argentina/Cordoba], Destino=Aeropuerto [icao=0AK6, iata=, name=Victory Airport, state=Alaska, country=US, elevation=1800, lat=61.8033981323, lon=-147.9440002441, tz=America/Anchorage], Estado=REGISTRADO]
Vuelo [nroVuelo=null, hora de partida= 14:42, nroFila=0, nroColumnas=0, tipo_vuelo=INTERNACIONAL, Origen=Aeropuerto [icao=SATM, iata=MDX, name=Mercedes Airport, state=Corrientes, country=AR, elevation=358, lat=-29.2213993073, lon=-58.0877990723, tz=America/Argentina/Cordoba], Destino=Aeropuerto [icao=09II, iata=, name=Gibbons Field, state=Indiana, country=US, elevation=880, lat=38.4472999573, lon=-86.4449996948, tz=America/Indiana/Indianapolis], Estado=REGISTRADO]
Vuelo [nroVuelo=null, hora de partida= 21:55, nroFila=0, nroColumnas=0, tipo_vuelo=NACIONAL, Origen=Aeropuerto [icao=SATM, iata=MDX, name=Mercedes Airport, state=Corrientes, country=AR, elevation=358, lat=-29.2213993073, lon=-58.0877990723, tz=America/Argentina/Cordoba], Destino=Aeropuerto [icao=SAZE, iata=, name=Pigue Airport, state=Buenos-Aires, country=AR, elevation=997, lat=-37.6016998291, lon=-62.3781013489, tz=America/Argentina/Buenos_Aires], Estado=REGISTRADO]
Vuelo [nroVuelo=null, hora de partida= 23:23, nroFila=0, nroColumnas=0, tipo_vuelo=NACIONAL, Origen=Aeropuerto [icao=SATM, iata=MDX, name=Mercedes Airport, state=Corrientes, country=AR, elevation=358, lat=-29.2213993073, lon=-58.0877990723, tz=America/Argentina/Cordoba], Destino=Aeropuerto [icao=SANU, iata=UAQ, name=Domingo Faustino Sarmiento Airport, state=San-Juan, country=AR, elevation=1958, lat=-31.5715007782, lon=-68.4181976318, tz=America/Argentina/San_Juan], Estado=REGISTRADO]
Vuelo [nroVuelo=null, hora de partida= 16:50, nroFila=0, nroColumnas=0, tipo_vuelo=NACIONAL, Origen=Aeropuerto [icao=SATM, iata=MDX, name=Mercedes Airport, state=Corrientes, country=AR, elevation=358, lat=-29.2213993073, lon=-58.0877990723, tz=America/Argentina/Cordoba], Destino=Aeropuerto [icao=SARI, iata=IGR, name=Cataratas Del Iguazu International Airport, state=Misiones, country=AR, elevation=916, lat=-25.7373008728, lon=-54.473400116, tz=America/Argentina/Cordoba], Estado=REGISTRADO]
Vuelo [nroVuelo=null, hora de partida= 16:23, nroFila=0, nroColumnas=0, tipo_vuelo=NACIONAL, Origen=Aeropuerto [icao=SATM, iata=MDX, name=Mercedes Airport, state=Corrientes, country=AR, elevation=358, lat=-29.2213993073, lon=-58.0877990723, tz=America/Argentina/Cordoba], Destino=Aeropuerto [icao=SACA, iata=, name=Cap D. Omar Dario Gelardi Airport, state=Cordoba, country=AR, elevation=1594, lat=-31.4419002533, lon=-64.2582015991, tz=America/Argentina/Cordoba], Estado=REGISTRADO]
Vuelo [nroVuelo=null, hora de partida= 18:18, nroFila=0, nroColumnas=0, tipo_vuelo=NACIONAL, Origen=Aeropuerto [icao=SATM, iata=MDX, name=Mercedes Airport, state=Corrientes, country=AR, elevation=358, lat=-29.2213993073, lon=-58.0877990723, tz=America/Argentina/Cordoba], Destino=Aeropuerto [icao=SAAR, iata=ROS, name=Islas Malvinas Airport, state=Santa-Fe, country=AR, elevation=85, lat=-32.9036, lon=-60.785, tz=America/Argentina/Cordoba], Estado=REGISTRADO]
Vuelo [nroVuelo=null, hora de partida= 03:37, nroFila=0, nroColumnas=0, tipo_vuelo=NACIONAL, Origen=Aeropuerto [icao=SATM, iata=MDX, name=Mercedes Airport, state=Corrientes, country=AR, elevation=358, lat=-29.2213993073, lon=-58.0877990723, tz=America/Argentina/Cordoba], Destino=Aeropuerto [icao=SAFS, iata=NCJ, name=Sunchales Aeroclub Airport, state=Santa-Fe, country=AR, elevation=311, lat=-30.9575, lon=-61.5283, tz=America/Argentina/Cordoba], Estado=REGISTRADO]
Vuelo [nroVuelo=null, hora de partida= 04:51, nroFila=0, nroColumnas=0, tipo_vuelo=NACIONAL, Origen=Aeropuerto [icao=SATM, iata=MDX, name=Mercedes Airport, state=Corrientes, country=AR, elevation=358, lat=-29.2213993073, lon=-58.0877990723, tz=America/Argentina/Cordoba], Destino=Aeropuerto [icao=SAMR, iata=AFA, name=Suboficial Ay Santiago Germano Airport, state=Mendoza, country=AR, elevation=2470, lat=-34.5882987976, lon=-68.4039001465, tz=America/Argentina/Mendoza], Estado=REGISTRADO]
Vuelo [nroVuelo=null, hora de partida= 07:13, nroFila=0, nroColumnas=0, tipo_vuelo=NACIONAL, Origen=Aeropuerto [icao=SATM, iata=MDX, name=Mercedes Airport, state=Corrientes, country=AR, elevation=358, lat=-29.2213993073, lon=-58.0877990723, tz=America/Argentina/Cordoba], Destino=Aeropuerto [icao=SAHZ, iata=APZ, name=Zapala Airport, state=Neuquen, country=AR, elevation=3330, lat=-38.9754981995, lon=-70.1136016846, tz=America/Argentina/Salta], Estado=REGISTRADO]
Vuelo [nroVuelo=null, hora de partida= 01:07, nroFila=0, nroColumnas=0, tipo_vuelo=NACIONAL, Origen=Aeropuerto [icao=SATM, iata=MDX, name=Mercedes Airport, state=Corrientes, country=AR, elevation=358, lat=-29.2213993073, lon=-58.0877990723, tz=America/Argentina/Cordoba], Destino=Aeropuerto [icao=SA21, iata=, name=Veinticinco De Mayo Airport, state=La-Pampa, country=AR, elevation=1138, lat=-37.8097991943, lon=-67.6593017578, tz=America/Argentina/Salta], Estado=REGISTRADO]
Vuelo [nroVuelo=null, hora de partida= 10:04, nroFila=0, nroColumnas=0, tipo_vuelo=NACIONAL, Origen=Aeropuerto [icao=SATM, iata=MDX, name=Mercedes Airport, state=Corrientes, country=AR, elevation=358, lat=-29.2213993073, lon=-58.0877990723, tz=America/Argentina/Cordoba], Destino=Aeropuerto [icao=SAZX, iata=, name=Nueve De Julio Airport, state=Buenos-Aires, country=AR, elevation=246, lat=-35.3997, lon=-60.9358, tz=America/Argentina/Buenos_Aires], Estado=REGISTRADO]
Vuelo [nroVuelo=null, hora de partida= 17:31, nroFila=0, nroColumnas=0, tipo_vuelo=NACIONAL, Origen=Aeropuerto [icao=SATM, iata=MDX, name=Mercedes Airport, state=Corrientes, country=AR, elevation=358, lat=-29.2213993073, lon=-58.0877990723, tz=America/Argentina/Cordoba], Destino=Aeropuerto [icao=SAML, iata=, name=Punta De Vacas Airport, state=Mendoza, country=AR, elevation=7906, lat=-32.854598999, lon=-69.7604980469, tz=America/Argentina/Mendoza], Estado=REGISTRADO]
Vuelo [nroVuelo=null, hora de partida= 00:21, nroFila=0, nroColumnas=0, tipo_vuelo=NACIONAL, Origen=Aeropuerto [icao=SATM, iata=MDX, name=Mercedes Airport, state=Corrientes, country=AR, elevation=358, lat=-29.2213993073, lon=-58.0877990723, tz=America/Argentina/Cordoba], Destino=Aeropuerto [icao=SA41, iata=, name=El Colorado Airport, state=Formosa, country=AR, elevation=269, lat=-26.3166866302, lon=-59.3397636414, tz=America/Argentina/Cordoba], Estado=REGISTRADO]
Vuelo [nroVuelo=null, hora de partida= 17:17, nroFila=0, nroColumnas=0, tipo_vuelo=NACIONAL, Origen=Aeropuerto [icao=SATM, iata=MDX, name=Mercedes Airport, state=Corrientes, country=AR, elevation=358, lat=-29.2213993073, lon=-58.0877990723, tz=America/Argentina/Cordoba], Destino=Aeropuerto [icao=SAWR, iata=GGS, name=Gobernador Gregores Airport, state=Santa-Cruz, country=AR, elevation=356, lat=-48.7831001282, lon=-70.1500015259, tz=America/Argentina/Rio_Gallegos], Estado=REGISTRADO]
Vuelo [nroVuelo=null, hora de partida= 14:54, nroFila=0, nroColumnas=0, tipo_vuelo=NACIONAL, Origen=Aeropuerto [icao=SATM, iata=MDX, name=Mercedes Airport, state=Corrientes, country=AR, elevation=358, lat=-29.2213993073, lon=-58.0877990723, tz=America/Argentina/Cordoba], Destino=Aeropuerto [icao=SAHE, iata=CVH, name=Caviahue Airport, state=Neuquen, country=AR, elevation=5435, lat=-37.851398468, lon=-71.0092010498, tz=America/Argentina/Salta], Estado=REGISTRADO]
Vuelo [nroVuelo=null, hora de partida= 17:47, nroFila=0, nroColumnas=0, tipo_vuelo=NACIONAL, Origen=Aeropuerto [icao=SATM, iata=MDX, name=Mercedes Airport, state=Corrientes, country=AR, elevation=358, lat=-29.2213993073, lon=-58.0877990723, tz=America/Argentina/Cordoba], Destino=Aeropuerto [icao=SA30, iata=CCT, name=Colonia Catriel Airport, state=Rio-Negro, country=AR, elevation=1026, lat=-37.9101982117, lon=-67.8349990845, tz=America/Argentina/Salta], Estado=REGISTRADO]
Vuelo [nroVuelo=null, hora de partida= 08:35, nroFila=0, nroColumnas=0, tipo_vuelo=NACIONAL, Origen=Aeropuerto [icao=SATM, iata=MDX, name=Mercedes Airport, state=Corrientes, country=AR, elevation=358, lat=-29.2213993073, lon=-58.0877990723, tz=America/Argentina/Cordoba], Destino=Aeropuerto [icao=SA06, iata=, name=Santa Rita Airport, state=Buenos-Aires, country=AR, elevation=177, lat=-35.8283, lon=-60.1467, tz=America/Argentina/Buenos_Aires], Estado=REGISTRADO]
Vuelo [nroVuelo=null, hora de partida= 05:35, nroFila=0, nroColumnas=0, tipo_vuelo=NACIONAL, Origen=Aeropuerto [icao=SATM, iata=MDX, name=Mercedes Airport, state=Corrientes, country=AR, elevation=358, lat=-29.2213993073, lon=-58.0877990723, tz=America/Argentina/Cordoba], Destino=Aeropuerto [icao=SAZH, iata=OYO, name=Tres Arroyos Airport, state=Buenos-Aires, country=AR, elevation=400, lat=-38.3869, lon=-60.3297, tz=America/Argentina/Buenos_Aires], Estado=REGISTRADO]
Vuelo [nroVuelo=null, hora de partida= 18:55, nroFila=0, nroColumnas=0, tipo_vuelo=NACIONAL, Origen=Aeropuerto [icao=SATM, iata=MDX, name=Mercedes Airport, state=Corrientes, country=AR, elevation=358, lat=-29.2213993073, lon=-58.0877990723, tz=America/Argentina/Cordoba], Destino=Aeropuerto [icao=SAWU, iata=RZA, name=Santa Cruz Airport, state=Santa-Cruz, country=AR, elevation=364, lat=-50.0165, lon=-68.5792, tz=America/Argentina/Rio_Gallegos], Estado=REGISTRADO]
Vuelo [nroVuelo=null, hora de partida= 19:55, nroFila=0, nroColumnas=0, tipo_vuelo=NACIONAL, Origen=Aeropuerto [icao=SATM, iata=MDX, name=Mercedes Airport, state=Corrientes, country=AR, elevation=358, lat=-29.2213993073, lon=-58.0877990723, tz=America/Argentina/Cordoba], Destino=Aeropuerto [icao=SARI, iata=IGR, name=Cataratas Del Iguazu International Airport, state=Misiones, country=AR, elevation=916, lat=-25.7373008728, lon=-54.473400116, tz=America/Argentina/Cordoba], Estado=REGISTRADO]
Vuelo [nroVuelo=null, hora de partida= 19:00, nroFila=0, nroColumnas=0, tipo_vuelo=NACIONAL, Origen=Aeropuerto [icao=SATM, iata=MDX, name=Mercedes Airport, state=Corrientes, country=AR, elevation=358, lat=-29.2213993073, lon=-58.0877990723, tz=America/Argentina/Cordoba], Destino=Aeropuerto [icao=SA17, iata=, name=Rio Cuarto Aeroclub Airport, state=Cordoba, country=AR, elevation=1423, lat=-33.1605987549, lon=-64.3382034302, tz=America/Argentina/Cordoba], Estado=REGISTRADO]
Vuelo [nroVuelo=null, hora de partida= 01:12, nroFila=0, nroColumnas=0, tipo_vuelo=NACIONAL, Origen=Aeropuerto [icao=SATM, iata=MDX, name=Mercedes Airport, state=Corrientes, country=AR, elevation=358, lat=-29.2213993073, lon=-58.0877990723, tz=America/Argentina/Cordoba], Destino=Aeropuerto [icao=SAVE, iata=EQS, name=Brigadier Antonio Parodi Airport, state=Chubut, country=AR, elevation=2621, lat=-42.908000946, lon=-71.139503479, tz=America/Argentina/Catamarca], Estado=REGISTRADO]
Vuelo [nroVuelo=null, hora de partida= 00:22, nroFila=0, nroColumnas=0, tipo_vuelo=NACIONAL, Origen=Aeropuerto [icao=SATM, iata=MDX, name=Mercedes Airport, state=Corrientes, country=AR, elevation=358, lat=-29.2213993073, lon=-58.0877990723, tz=America/Argentina/Cordoba], Destino=Aeropuerto [icao=SA42, iata=, name=Santa Maria Airport, state=Catamarca, country=AR, elevation=5904, lat=-26.6734008789, lon=-66.0240020752, tz=America/Argentina/Catamarca], Estado=REGISTRADO]
Vuelo [nroVuelo=null, hora de partida= 10:55, nroFila=0, nroColumnas=0, tipo_vuelo=NACIONAL, Origen=Aeropuerto [icao=SATM, iata=MDX, name=Mercedes Airport, state=Corrientes, country=AR, elevation=358, lat=-29.2213993073, lon=-58.0877990723, tz=America/Argentina/Cordoba], Destino=Aeropuerto [icao=SAML, iata=, name=Punta De Vacas Airport, state=Mendoza, country=AR, elevation=7906, lat=-32.854598999, lon=-69.7604980469, tz=America/Argentina/Mendoza], Estado=REGISTRADO]
Vuelo [nroVuelo=null, hora de partida= 12:19, nroFila=0, nroColumnas=0, tipo_vuelo=NACIONAL, Origen=Aeropuerto [icao=SATM, iata=MDX, name=Mercedes Airport, state=Corrientes, country=AR, elevation=358, lat=-29.2213993073, lon=-58.0877990723, tz=America/Argentina/Cordoba], Destino=Aeropuerto [icao=SAZQ, iata=, name=Rio Colorado Airport, state=Rio-Negro, country=AR, elevation=275, lat=-38.995, lon=-64.1408, tz=America/Argentina/Salta], Estado=REGISTRADO]
Vuelo [nroVuelo=null, hora de partida= 08:12, nroFila=0, nroColumnas=0, tipo_vuelo=NACIONAL, Origen=Aeropuerto [icao=SATM, iata=MDX, name=Mercedes Airport, state=Corrientes, country=AR, elevation=358, lat=-29.2213993073, lon=-58.0877990723, tz=America/Argentina/Cordoba], Destino=Aeropuerto [icao=SA03, iata=, name=Villa Minetti Airport, state=Santa-Fe, country=AR, elevation=246, lat=-28.6201, lon=-61.6038, tz=America/Argentina/Cordoba], Estado=REGISTRADO]
Vuelo [nroVuelo=null, hora de partida= 00:48, nroFila=0, nroColumnas=0, tipo_vuelo=NACIONAL, Origen=Aeropuerto [icao=SATM, iata=MDX, name=Mercedes Airport, state=Corrientes, country=AR, elevation=358, lat=-29.2213993073, lon=-58.0877990723, tz=America/Argentina/Cordoba], Destino=Aeropuerto [icao=SAAU, iata=, name=Villaguay Airport, state=Entre-Rios, country=AR, elevation=131, lat=-31.855, lon=-59.0756, tz=America/Argentina/Cordoba], Estado=REGISTRADO]
Vuelo [nroVuelo=null, hora de partida= 13:50, nroFila=0, nroColumnas=0, tipo_vuelo=NACIONAL, Origen=Aeropuerto [icao=SATM, iata=MDX, name=Mercedes Airport, state=Corrientes, country=AR, elevation=358, lat=-29.2213993073, lon=-58.0877990723, tz=America/Argentina/Cordoba], Destino=Aeropuerto [icao=SA29, iata=, name=Choele Choel Airport, state=Rio-Negro, country=AR, elevation=642, lat=-39.2863998413, lon=-65.6102981567, tz=America/Argentina/Salta], Estado=REGISTRADO]
Vuelo [nroVuelo=null, hora de partida= 15:35, nroFila=0, nroColumnas=0, tipo_vuelo=NACIONAL, Origen=Aeropuerto [icao=SATM, iata=MDX, name=Mercedes Airport, state=Corrientes, country=AR, elevation=358, lat=-29.2213993073, lon=-58.0877990723, tz=America/Argentina/Cordoba], Destino=Aeropuerto [icao=SAEZ, iata=EZE, name=Ministro Pistarini International Airport, state=Buenos-Aires, country=AR, elevation=67, lat=-34.8222, lon=-58.5358, tz=America/Argentina/Buenos_Aires], Estado=REGISTRADO]
Vuelo [nroVuelo=null, hora de partida= 07:20, nroFila=0, nroColumnas=0, tipo_vuelo=NACIONAL, Origen=Aeropuerto [icao=SATM, iata=MDX, name=Mercedes Airport, state=Corrientes, country=AR, elevation=358, lat=-29.2213993073, lon=-58.0877990723, tz=America/Argentina/Cordoba], Destino=Aeropuerto [icao=SAZI, iata=, name=Bolivar Airport, state=Buenos-Aires, country=AR, elevation=308, lat=-36.1866, lon=-61.0764, tz=America/Argentina/Buenos_Aires], Estado=REGISTRADO]
Vuelo [nroVuelo=null, hora de partida= 03:18, nroFila=0, nroColumnas=0, tipo_vuelo=NACIONAL, Origen=Aeropuerto [icao=SATM, iata=MDX, name=Mercedes Airport, state=Corrientes, country=AR, elevation=358, lat=-29.2213993073, lon=-58.0877990723, tz=America/Argentina/Cordoba], Destino=Aeropuerto [icao=SASA, iata=SLA, name=Martin Miguel De Guemes International Airport, state=Salta, country=AR, elevation=4088, lat=-24.8560009003, lon=-65.4861984253, tz=America/Argentina/Salta], Estado=REGISTRADO]
Vuelo [nroVuelo=null, hora de partida= 13:20, nroFila=0, nroColumnas=0, tipo_vuelo=NACIONAL, Origen=Aeropuerto [icao=SATM, iata=MDX, name=Mercedes Airport, state=Corrientes, country=AR, elevation=358, lat=-29.2213993073, lon=-58.0877990723, tz=America/Argentina/Cordoba], Destino=Aeropuerto [icao=SARS, iata=PRQ, name=Termal Airport, state=Chaco, country=AR, elevation=308, lat=-26.753610611, lon=-60.4922218323, tz=America/Argentina/Cordoba], Estado=REGISTRADO]
Vuelo [nroVuelo=null, hora de partida= 09:55, nroFila=0, nroColumnas=0, tipo_vuelo=NACIONAL, Origen=Aeropuerto [icao=SATM, iata=MDX, name=Mercedes Airport, state=Corrientes, country=AR, elevation=358, lat=-29.2213993073, lon=-58.0877990723, tz=America/Argentina/Cordoba], Destino=Aeropuerto [icao=SAVD, iata=EMX, name=El Maiten Airport, state=Chubut, country=AR, elevation=2355, lat=-42.0292015076, lon=-71.1725006104, tz=America/Argentina/Catamarca], Estado=REGISTRADO]
Vuelo [nroVuelo=null, hora de partida= 14:52, nroFila=0, nroColumnas=0, tipo_vuelo=NACIONAL, Origen=Aeropuerto [icao=SATM, iata=MDX, name=Mercedes Airport, state=Corrientes, country=AR, elevation=358, lat=-29.2213993073, lon=-58.0877990723, tz=America/Argentina/Cordoba], Destino=Aeropuerto [icao=SAWJ, iata=ULA, name=Capitan D Daniel Vazquez Airport, state=Santa-Cruz, country=AR, elevation=203, lat=-49.3068, lon=-67.8026, tz=America/Argentina/Rio_Gallegos], Estado=REGISTRADO]
Vuelo [nroVuelo=null, hora de partida= 01:19, nroFila=0, nroColumnas=0, tipo_vuelo=NACIONAL, Origen=Aeropuerto [icao=SATM, iata=MDX, name=Mercedes Airport, state=Corrientes, country=AR, elevation=358, lat=-29.2213993073, lon=-58.0877990723, tz=America/Argentina/Cordoba], Destino=Aeropuerto [icao=SARG, iata=, name=Caa Cati Airport, state=Corrientes, country=AR, elevation=249, lat=-27.7553005219, lon=-57.6329994202, tz=America/Argentina/Cordoba], Estado=REGISTRADO]
Vuelo [nroVuelo=null, hora de partida= 16:52, nroFila=0, nroColumnas=0, tipo_vuelo=NACIONAL, Origen=Aeropuerto [icao=SATM, iata=MDX, name=Mercedes Airport, state=Corrientes, country=AR, elevation=358, lat=-29.2213993073, lon=-58.0877990723, tz=America/Argentina/Cordoba], Destino=Aeropuerto [icao=SAEZ, iata=EZE, name=Ministro Pistarini International Airport, state=Buenos-Aires, country=AR, elevation=67, lat=-34.8222, lon=-58.5358, tz=America/Argentina/Buenos_Aires], Estado=REGISTRADO]
Vuelo [nroVuelo=null, hora de partida= 02:07, nroFila=0, nroColumnas=0, tipo_vuelo=NACIONAL, Origen=Aeropuerto [icao=SATM, iata=MDX, name=Mercedes Airport, state=Corrientes, country=AR, elevation=358, lat=-29.2213993073, lon=-58.0877990723, tz=America/Argentina/Cordoba], Destino=Aeropuerto [icao=SACN, iata=, name=Ascochinga Airport, state=Cordoba, country=AR, elevation=677, lat=-30.9679203033, lon=-64.2777404785, tz=America/Argentina/Cordoba], Estado=REGISTRADO]
Vuelo [nroVuelo=null, hora de partida= 09:27, nroFila=0, nroColumnas=0, tipo_vuelo=NACIONAL, Origen=Aeropuerto [icao=SATM, iata=MDX, name=Mercedes Airport, state=Corrientes, country=AR, elevation=358, lat=-29.2213993073, lon=-58.0877990723, tz=America/Argentina/Cordoba], Destino=Aeropuerto [icao=SAOS, iata=RLO, name=Valle Del Conlara International Airport, state=San-Luis, country=AR, elevation=2021, lat=-32.3847007751, lon=-65.1865005493, tz=America/Argentina/San_Luis], Estado=REGISTRADO]
Vuelo [nroVuelo=null, hora de partida= 12:46, nroFila=0, nroColumnas=0, tipo_vuelo=NACIONAL, Origen=Aeropuerto [icao=SATM, iata=MDX, name=Mercedes Airport, state=Corrientes, country=AR, elevation=358, lat=-29.2213993073, lon=-58.0877990723, tz=America/Argentina/Cordoba], Destino=Aeropuerto [icao=SAZR, iata=RSA, name=Santa Rosa Airport, state=La-Pampa, country=AR, elevation=630, lat=-36.5882987976, lon=-64.2757034302, tz=America/Argentina/Salta], Estado=REGISTRADO]
Vuelo [nroVuelo=null, hora de partida= 15:08, nroFila=0, nroColumnas=0, tipo_vuelo=NACIONAL, Origen=Aeropuerto [icao=SATM, iata=MDX, name=Mercedes Airport, state=Corrientes, country=AR, elevation=358, lat=-29.2213993073, lon=-58.0877990723, tz=America/Argentina/Cordoba], Destino=Aeropuerto [icao=SAZO, iata=NEC, name=Necochea Airport, state=Buenos-Aires, country=AR, elevation=72, lat=-38.4831, lon=-58.8172, tz=America/Argentina/Buenos_Aires], Estado=REGISTRADO]
Vuelo [nroVuelo=null, hora de partida= 13:20, nroFila=0, nroColumnas=0, tipo_vuelo=NACIONAL, Origen=Aeropuerto [icao=SATM, iata=MDX, name=Mercedes Airport, state=Corrientes, country=AR, elevation=358, lat=-29.2213993073, lon=-58.0877990723, tz=America/Argentina/Cordoba], Destino=Aeropuerto [icao=SAOI, iata=, name=Villa Maria Airport, state=Cordoba, country=AR, elevation=672, lat=-32.3894004822, lon=-63.2585983276, tz=America/Argentina/Cordoba], Estado=REGISTRADO]
Vuelo [nroVuelo=null, hora de partida= 19:13, nroFila=0, nroColumnas=0, tipo_vuelo=NACIONAL, Origen=Aeropuerto [icao=SATM, iata=MDX, name=Mercedes Airport, state=Corrientes, country=AR, elevation=358, lat=-29.2213993073, lon=-58.0877990723, tz=America/Argentina/Cordoba], Destino=Aeropuerto [icao=SAZB, iata=BHI, name=Comandante Espora Airport, state=Buenos-Aires, country=AR, elevation=246, lat=-38.725, lon=-62.1693, tz=America/Argentina/Buenos_Aires], Estado=REGISTRADO]
Vuelo [nroVuelo=null, hora de partida= 01:43, nroFila=0, nroColumnas=0, tipo_vuelo=NACIONAL, Origen=Aeropuerto [icao=SATM, iata=MDX, name=Mercedes Airport, state=Corrientes, country=AR, elevation=358, lat=-29.2213993073, lon=-58.0877990723, tz=America/Argentina/Cordoba], Destino=Aeropuerto [icao=SAMM, iata=LGS, name=Comodoro D.R. Salomon Airport, state=Mendoza, country=AR, elevation=4685, lat=-35.493598938, lon=-69.5743026733, tz=America/Argentina/Mendoza], Estado=REGISTRADO]
Vuelo [nroVuelo=null, hora de partida= 08:53, nroFila=0, nroColumnas=0, tipo_vuelo=NACIONAL, Origen=Aeropuerto [icao=SATM, iata=MDX, name=Mercedes Airport, state=Corrientes, country=AR, elevation=358, lat=-29.2213993073, lon=-58.0877990723, tz=America/Argentina/Cordoba], Destino=Aeropuerto [icao=SAVD, iata=EMX, name=El Maiten Airport, state=Chubut, country=AR, elevation=2355, lat=-42.0292015076, lon=-71.1725006104, tz=America/Argentina/Catamarca], Estado=REGISTRADO]
Vuelo [nroVuelo=null, hora de partida= 01:37, nroFila=0, nroColumnas=0, tipo_vuelo=NACIONAL, Origen=Aeropuerto [icao=SATM, iata=MDX, name=Mercedes Airport, state=Corrientes, country=AR, elevation=358, lat=-29.2213993073, lon=-58.0877990723, tz=America/Argentina/Cordoba], Destino=Aeropuerto [icao=SAMU, iata=, name=Uspallata Airport, state=Mendoza, country=AR, elevation=6525, lat=-32.538898468, lon=-69.3458023071, tz=America/Argentina/Mendoza], Estado=REGISTRADO]
Vuelo [nroVuelo=null, hora de partida= 19:48, nroFila=0, nroColumnas=0, tipo_vuelo=NACIONAL, Origen=Aeropuerto [icao=SATM, iata=MDX, name=Mercedes Airport, state=Corrientes, country=AR, elevation=358, lat=-29.2213993073, lon=-58.0877990723, tz=America/Argentina/Cordoba], Destino=Aeropuerto [icao=SARD, iata=, name=Resistencia (City) Airport, state=Chaco, country=AR, elevation=175, lat=-27.4657001495, lon=-58.9790000916, tz=America/Argentina/Cordoba], Estado=REGISTRADO]
Vuelo [nroVuelo=null, hora de partida= 13:15, nroFila=0, nroColumnas=0, tipo_vuelo=NACIONAL, Origen=Aeropuerto [icao=SATM, iata=MDX, name=Mercedes Airport, state=Corrientes, country=AR, elevation=358, lat=-29.2213993073, lon=-58.0877990723, tz=America/Argentina/Cordoba], Destino=Aeropuerto [icao=SA07, iata=, name=El Porton Airport, state=Neuquen, country=AR, elevation=2853, lat=-37.1949996948, lon=-69.6094970703, tz=America/Argentina/Salta], Estado=REGISTRADO]
Vuelo [nroVuelo=null, hora de partida= 01:33, nroFila=0, nroColumnas=0, tipo_vuelo=NACIONAL, Origen=Aeropuerto [icao=SATM, iata=MDX, name=Mercedes Airport, state=Corrientes, country=AR, elevation=358, lat=-29.2213993073, lon=-58.0877990723, tz=America/Argentina/Cordoba], Destino=Aeropuerto [icao=SAZP, iata=PEH, name=Comodoro Pedro Zanni Airport, state=Buenos-Aires, country=AR, elevation=278, lat=-35.8446, lon=-61.8576, tz=America/Argentina/Buenos_Aires], Estado=REGISTRADO]
Vuelo [nroVuelo=null, hora de partida= 07:46, nroFila=0, nroColumnas=0, tipo_vuelo=NACIONAL, Origen=Aeropuerto [icao=SATM, iata=MDX, name=Mercedes Airport, state=Corrientes, country=AR, elevation=358, lat=-29.2213993073, lon=-58.0877990723, tz=America/Argentina/Cordoba], Destino=Aeropuerto [icao=SA25, iata=, name=Canadon Seco Airport, state=Santa-Cruz, country=AR, elevation=295, lat=-46.539, lon=-67.5639, tz=America/Argentina/Rio_Gallegos], Estado=REGISTRADO]
Vuelo [nroVuelo=null, hora de partida= 05:56, nroFila=0, nroColumnas=0, tipo_vuelo=NACIONAL, Origen=Aeropuerto [icao=SATM, iata=MDX, name=Mercedes Airport, state=Corrientes, country=AR, elevation=358, lat=-29.2213993073, lon=-58.0877990723, tz=America/Argentina/Cordoba], Destino=Aeropuerto [icao=SAHV, iata=, name=Victorica Airport, state=La-Pampa, country=AR, elevation=1020, lat=-36.2374992371, lon=-65.450553894, tz=America/Argentina/Salta], Estado=REGISTRADO]
Vuelo [nroVuelo=null, hora de partida= 13:40, nroFila=0, nroColumnas=0, tipo_vuelo=NACIONAL, Origen=Aeropuerto [icao=SATM, iata=MDX, name=Mercedes Airport, state=Corrientes, country=AR, elevation=358, lat=-29.2213993073, lon=-58.0877990723, tz=America/Argentina/Cordoba], Destino=Aeropuerto [icao=SARF, iata=FMA, name=Formosa Airport, state=Formosa, country=AR, elevation=193, lat=-26.2127, lon=-58.2281, tz=America/Argentina/Cordoba], Estado=REGISTRADO]
Vuelo [nroVuelo=null, hora de partida= 07:47, nroFila=0, nroColumnas=0, tipo_vuelo=INTERNACIONAL, Origen=Aeropuerto [icao=SATM, iata=MDX, name=Mercedes Airport, state=Corrientes, country=AR, elevation=358, lat=-29.2213993073, lon=-58.0877990723, tz=America/Argentina/Cordoba], Destino=Aeropuerto [icao=CSL9, iata=, name=Baie-Comeau (Manic 1) Airport, state=Quebec, country=CA, elevation=250, lat=49.1843986511, lon=-68.3625030518, tz=America/Toronto], Estado=DEMORADO]
Vuelo [nroVuelo=null, hora de partida= 05:55, nroFila=0, nroColumnas=0, tipo_vuelo=INTERNACIONAL, Origen=Aeropuerto [icao=SATM, iata=MDX, name=Mercedes Airport, state=Corrientes, country=AR, elevation=358, lat=-29.2213993073, lon=-58.0877990723, tz=America/Argentina/Cordoba], Destino=Aeropuerto [icao=ENNA, iata=LKL, name=Banak Airport, state=Finnmark, country=NO, elevation=25, lat=70.0688018799, lon=24.9734992981, tz=Europe/Oslo], Estado=DEMORADO]
Vuelo [nroVuelo=null, hora de partida= 15:00, nroFila=0, nroColumnas=0, tipo_vuelo=INTERNACIONAL, Origen=Aeropuerto [icao=SATM, iata=MDX, name=Mercedes Airport, state=Corrientes, country=AR, elevation=358, lat=-29.2213993073, lon=-58.0877990723, tz=America/Argentina/Cordoba], Destino=Aeropuerto [icao=LJBO, iata=, name=Bovec Letalisce Airport, state=Bovec, country=SI, elevation=1417, lat=46.3286018372, lon=13.5486001968, tz=Europe/Ljubljana], Estado=DEMORADO]
Vuelo [nroVuelo=null, hora de partida= 03:37, nroFila=0, nroColumnas=0, tipo_vuelo=INTERNACIONAL, Origen=Aeropuerto [icao=SATM, iata=MDX, name=Mercedes Airport, state=Corrientes, country=AR, elevation=358, lat=-29.2213993073, lon=-58.0877990723, tz=America/Argentina/Cordoba], Destino=Aeropuerto [icao=TN30, iata=, name=Cub Haven Airport, state=Tennessee, country=US, elevation=1000, lat=35.5471992493, lon=-84.5100021362, tz=America/New_York], Estado=DEMORADO]
Vuelo [nroVuelo=null, hora de partida= 16:49, nroFila=0, nroColumnas=0, tipo_vuelo=INTERNACIONAL, Origen=Aeropuerto [icao=SATM, iata=MDX, name=Mercedes Airport, state=Corrientes, country=AR, elevation=358, lat=-29.2213993073, lon=-58.0877990723, tz=America/Argentina/Cordoba], Destino=Aeropuerto [icao=ZSFZ, iata=FOC, name=Fuzhou Changle International Airport, state=Fujian, country=CN, elevation=46, lat=25.9351005554, lon=119.6630020142, tz=Asia/Shanghai], Estado=DEMORADO]
Vuelo [nroVuelo=null, hora de partida= 02:28, nroFila=0, nroColumnas=0, tipo_vuelo=NACIONAL, Origen=Aeropuerto [icao=SATM, iata=MDX, name=Mercedes Airport, state=Corrientes, country=AR, elevation=358, lat=-29.2213993073, lon=-58.0877990723, tz=America/Argentina/Cordoba], Destino=Aeropuerto [icao=SAWE, iata=RGA, name=Hermes Quijada International Airport, state=Tierra-del-Fuego, country=AR, elevation=65, lat=-53.7777, lon=-67.7494, tz=America/Argentina/Ushuaia], Estado=DEMORADO]
Vuelo [nroVuelo=null, hora de partida= 08:07, nroFila=0, nroColumnas=0, tipo_vuelo=NACIONAL, Origen=Aeropuerto [icao=SATM, iata=MDX, name=Mercedes Airport, state=Corrientes, country=AR, elevation=358, lat=-29.2213993073, lon=-58.0877990723, tz=America/Argentina/Cordoba], Destino=Aeropuerto [icao=SARL, iata=AOL, name=Paso De Los Libres Airport, state=Corrientes, country=AR, elevation=230, lat=-29.6894, lon=-57.1521, tz=America/Argentina/Cordoba], Estado=DEMORADO]
Vuelo [nroVuelo=null, hora de partida= 17:51, nroFila=0, nroColumnas=0, tipo_vuelo=NACIONAL, Origen=Aeropuerto [icao=SATM, iata=MDX, name=Mercedes Airport, state=Corrientes, country=AR, elevation=358, lat=-29.2213993073, lon=-58.0877990723, tz=America/Argentina/Cordoba], Destino=Aeropuerto [icao=SAET, iata=, name=Trenque Lauquen Airport, state=Buenos-Aires, country=AR, elevation=324, lat=-36.0158, lon=-62.6939, tz=America/Argentina/Buenos_Aires], Estado=DEMORADO]
Vuelo [nroVuelo=null, hora de partida= 00:55, nroFila=0, nroColumnas=0, tipo_vuelo=NACIONAL, Origen=Aeropuerto [icao=SATM, iata=MDX, name=Mercedes Airport, state=Corrientes, country=AR, elevation=358, lat=-29.2213993073, lon=-58.0877990723, tz=America/Argentina/Cordoba], Destino=Aeropuerto [icao=SACP, iata=, name=Chepes Airport, state=La-Rioja, country=AR, elevation=714, lat=-31.3561420441, lon=-66.5918884277, tz=America/Argentina/La_Rioja], Estado=DEMORADO]
Vuelo [nroVuelo=null, hora de partida= 01:35, nroFila=0, nroColumnas=0, tipo_vuelo=NACIONAL, Origen=Aeropuerto [icao=SATM, iata=MDX, name=Mercedes Airport, state=Corrientes, country=AR, elevation=358, lat=-29.2213993073, lon=-58.0877990723, tz=America/Argentina/Cordoba], Destino=Aeropuerto [icao=SA27, iata=, name=Puerto Rosales Airport, state=Buenos-Aires, country=AR, elevation=16, lat=-38.8970985413, lon=-62.0102996826, tz=America/Argentina/Buenos_Aires], Estado=DEMORADO]
--Ejecucion de inserciones terminada.--
]]></system-out>
  </testcase>
</testsuite>