<?xml version="1.0" encoding="UTF-8"?>
<testsuite xmlns:xsi="http://www.w3.org/2001/XMLSchema-instance" xsi:noNamespaceSchemaLocation="https://maven.apache.org/surefire/maven-surefire-plugin/xsd/surefire-test-report-3.0.xsd" version="3.0" name="com.tsti.Daos2023ApplicationTests" time="41.98" tests="1" errors="0" skipped="0" failures="0">
  <properties>
[...]
</properties>
  <testcase name="contextLoads" classname="com.tsti.Daos2023ApplicationTests" time="1.233">
    <system-out><![CDATA[13:07:19.899 [main] INFO org.springframework.test.context.support.AnnotationConfigContextLoaderUtils -- Could not detect default configuration classes for test class [com.tsti.Daos2023ApplicationTests]: Daos2023ApplicationTests does not declare any static, non-private, non-final, nested classes annotated with @Configuration.
13:07:20.087 [main] INFO org.springframework.boot.test.context.SpringBootTestContextBootstrapper -- Found @SpringBootConfiguration com.tsti.Daos2023Application for test class com.tsti.Daos2023ApplicationTests

  .   ____          _            __ _ _
 /\\ / ___'_ __ _ _(_)_ __  __ _ \ \ \ \
( ( )\___ | '_ | '_| | '_ \/ _` | \ \ \ \
 \\/  ___)| |_)| | | | | || (_| |  ) ) ) )
  '  |____| .__|_| |_|_| |_\__, | / / / /
 =========|_|==============|___/=/_/_/_/
 :: Spring Boot ::                (v3.1.0)

2023-10-07T13:07:21.192-03:00  INFO 6036 --- [           main] com.tsti.Daos2023ApplicationTests        : Starting Daos2023ApplicationTests using Java 17.0.8 with PID 6036 (started by debian-user in /home/debian-user/Documents/workspace-spring-tool-suite-4-4.20.0.RELEASE/airport-management)
2023-10-07T13:07:21.197-03:00  INFO 6036 --- [           main] com.tsti.Daos2023ApplicationTests        : No active profile set, falling back to 1 default profile: "default"
2023-10-07T13:07:23.932-03:00  INFO 6036 --- [           main] .s.d.r.c.RepositoryConfigurationDelegate : Bootstrapping Spring Data JPA repositories in DEFAULT mode.
2023-10-07T13:07:24.771-03:00  INFO 6036 --- [           main] .s.d.r.c.RepositoryConfigurationDelegate : Finished Spring Data repository scanning in 809 ms. Found 6 JPA repository interfaces.
2023-10-07T13:07:27.427-03:00  INFO 6036 --- [           main] o.hibernate.jpa.internal.util.LogHelper  : HHH000204: Processing PersistenceUnitInfo [name: default]
2023-10-07T13:07:27.776-03:00  INFO 6036 --- [           main] org.hibernate.Version                    : HHH000412: Hibernate ORM core version 6.2.2.Final
2023-10-07T13:07:27.781-03:00  INFO 6036 --- [           main] org.hibernate.cfg.Environment            : HHH000406: Using bytecode reflection optimizer
2023-10-07T13:07:28.166-03:00  INFO 6036 --- [           main] o.h.b.i.BytecodeProviderInitiator        : HHH000021: Bytecode provider name : bytebuddy
2023-10-07T13:07:28.663-03:00  INFO 6036 --- [           main] o.s.o.j.p.SpringPersistenceUnitInfo      : No LoadTimeWeaver setup: ignoring JPA class transformer
2023-10-07T13:07:28.716-03:00  INFO 6036 --- [           main] com.zaxxer.hikari.HikariDataSource       : HikariPool-1 - Starting...
2023-10-07T13:07:29.226-03:00  INFO 6036 --- [           main] com.zaxxer.hikari.pool.HikariPool        : HikariPool-1 - Added connection conn0: url=jdbc:h2:file:./data/airport-management user=ROOT
2023-10-07T13:07:29.229-03:00  INFO 6036 --- [           main] com.zaxxer.hikari.HikariDataSource       : HikariPool-1 - Start completed.
2023-10-07T13:07:29.276-03:00  INFO 6036 --- [           main] org.hibernate.orm.dialect                : HHH035001: Using dialect: org.hibernate.dialect.H2Dialect, version: 2.1.214
2023-10-07T13:07:29.979-03:00  INFO 6036 --- [           main] o.h.b.i.BytecodeProviderInitiator        : HHH000021: Bytecode provider name : bytebuddy
2023-10-07T13:07:31.831-03:00  INFO 6036 --- [           main] o.h.e.t.j.p.i.JtaPlatformInitiator       : HHH000490: Using JtaPlatform implementation: [org.hibernate.engine.transaction.jta.platform.internal.NoJtaPlatform]
2023-10-07T13:07:31.949-03:00  INFO 6036 --- [           main] o.h.t.s.i.e.GenerationTargetToDatabase   : HHH000476: Executing script '[injected ScriptSourceInputNonExistentImpl script]'
2023-10-07T13:07:31.954-03:00  INFO 6036 --- [           main] j.LocalContainerEntityManagerFactoryBean : Initialized JPA EntityManagerFactory for persistence unit 'default'
2023-10-07T13:07:33.006-03:00  INFO 6036 --- [           main] o.s.d.j.r.query.QueryEnhancerFactory     : Hibernate is in classpath; If applicable, HQL parser will be used.
2023-10-07T13:07:35.600-03:00  WARN 6036 --- [           main] JpaBaseConfiguration$JpaWebConfiguration : spring.jpa.open-in-view is enabled by default. Therefore, database queries may be performed during view rendering. Explicitly configure spring.jpa.open-in-view to disable this warning
2023-10-07T13:07:36.885-03:00  INFO 6036 --- [           main] o.s.s.web.DefaultSecurityFilterChain     : Will secure any request with [org.springframework.security.web.session.DisableEncodeUrlFilter@8ff4795, org.springframework.security.web.context.request.async.WebAsyncManagerIntegrationFilter@19bdfa3e, org.springframework.security.web.context.SecurityContextHolderFilter@2caf6813, org.springframework.security.web.header.HeaderWriterFilter@7d525b45, org.springframework.security.web.csrf.CsrfFilter@2c5dfc9b, org.springframework.security.web.authentication.logout.LogoutFilter@299003eb, org.springframework.security.web.authentication.UsernamePasswordAuthenticationFilter@6c96e1d5, org.springframework.security.web.savedrequest.RequestCacheAwareFilter@2e5d40a4, org.springframework.security.web.servletapi.SecurityContextHolderAwareRequestFilter@42f40ad0, org.springframework.security.web.authentication.AnonymousAuthenticationFilter@78e3bebd, org.springframework.security.web.access.ExceptionTranslationFilter@76ad0058, org.springframework.security.web.access.intercept.AuthorizationFilter@38bb297]
2023-10-07T13:07:38.159-03:00  INFO 6036 --- [           main] o.s.b.a.h2.H2ConsoleAutoConfiguration    : H2 console available at '/h2-console'. Database available at 'jdbc:h2:file:./data/airport-management'
2023-10-07T13:07:38.382-03:00  INFO 6036 --- [           main] com.tsti.Daos2023ApplicationTests        : Started Daos2023ApplicationTests in 17.896 seconds (process running for 20.05)
Vuelo [nroVuelo=null, hora de partida= 13:48, nroFila=0, nroColumnas=0, tipo_vuelo=INTERNACIONAL, Origen=Aeropuerto [icao=SATM, iata=MDX, name=Mercedes Airport, state=Corrientes, country=AR, elevation=358, lat=-29.2213993073, lon=-58.0877990723, tz=America/Argentina/Cordoba], Destino=Aeropuerto [icao=MYZ3, iata=, name=Little Whale Cay Berry Islands Airport, state=Berry-Islands, country=BS, elevation=5, lat=25.4417991638, lon=-77.7617034912, tz=America/Nassau], Estado=REGISTRADO]
Vuelo [nroVuelo=null, hora de partida= 10:20, nroFila=0, nroColumnas=0, tipo_vuelo=INTERNACIONAL, Origen=Aeropuerto [icao=SATM, iata=MDX, name=Mercedes Airport, state=Corrientes, country=AR, elevation=358, lat=-29.2213993073, lon=-58.0877990723, tz=America/Argentina/Cordoba], Destino=Aeropuerto [icao=MNSI, iata=SIU, name=Siuna, state=, country=NI, elevation=606, lat=13.7272224426, lon=-84.7777786255, tz=America/Managua], Estado=REGISTRADO]
Vuelo [nroVuelo=null, hora de partida= 20:40, nroFila=0, nroColumnas=0, tipo_vuelo=INTERNACIONAL, Origen=Aeropuerto [icao=SATM, iata=MDX, name=Mercedes Airport, state=Corrientes, country=AR, elevation=358, lat=-29.2213993073, lon=-58.0877990723, tz=America/Argentina/Cordoba], Destino=Aeropuerto [icao=SWKO, iata=CIZ, name=Coari Airport, state=Amazonas, country=BR, elevation=131, lat=-4.134059906, lon=-63.132598877, tz=America/Manaus], Estado=REGISTRADO]
Vuelo [nroVuelo=null, hora de partida= 11:48, nroFila=0, nroColumnas=0, tipo_vuelo=INTERNACIONAL, Origen=Aeropuerto [icao=SATM, iata=MDX, name=Mercedes Airport, state=Corrientes, country=AR, elevation=358, lat=-29.2213993073, lon=-58.0877990723, tz=America/Argentina/Cordoba], Destino=Aeropuerto [icao=8LA9, iata=, name=Koll Airport, state=Louisiana, country=US, elevation=40, lat=30.3570995331, lon=-92.7445983887, tz=America/Chicago], Estado=REGISTRADO]
Vuelo [nroVuelo=null, hora de partida= 08:01, nroFila=0, nroColumnas=0, tipo_vuelo=INTERNACIONAL, Origen=Aeropuerto [icao=SATM, iata=MDX, name=Mercedes Airport, state=Corrientes, country=AR, elevation=358, lat=-29.2213993073, lon=-58.0877990723, tz=America/Argentina/Cordoba], Destino=Aeropuerto [icao=SDGP, iata=, name=Hotel Fazenda Capricho Airport, state=Sao-Paulo, country=BR, elevation=2099, lat=-23.2244434357, lon=-48.7961120605, tz=America/Sao_Paulo], Estado=REGISTRADO]
Vuelo [nroVuelo=null, hora de partida= 00:05, nroFila=0, nroColumnas=0, tipo_vuelo=INTERNACIONAL, Origen=Aeropuerto [icao=SATM, iata=MDX, name=Mercedes Airport, state=Corrientes, country=AR, elevation=358, lat=-29.2213993073, lon=-58.0877990723, tz=America/Argentina/Cordoba], Destino=Aeropuerto [icao=LESU, iata=LEU, name=Aerodrom dels Pirineus-Alt Urgell Airport, state=Catalonia, country=ES, elevation=2625, lat=42.3386001587, lon=1.4091700315, tz=Europe/Madrid], Estado=REGISTRADO]
Vuelo [nroVuelo=null, hora de partida= 09:27, nroFila=0, nroColumnas=0, tipo_vuelo=INTERNACIONAL, Origen=Aeropuerto [icao=SATM, iata=MDX, name=Mercedes Airport, state=Corrientes, country=AR, elevation=358, lat=-29.2213993073, lon=-58.0877990723, tz=America/Argentina/Cordoba], Destino=Aeropuerto [icao=CNE3, iata=XBE, name=Bearskin Lake Airport, state=Ontario, country=CA, elevation=800, lat=53.9655990601, lon=-91.0271987915, tz=America/Rainy_River], Estado=REGISTRADO]
Vuelo [nroVuelo=null, hora de partida= 01:33, nroFila=0, nroColumnas=0, tipo_vuelo=INTERNACIONAL, Origen=Aeropuerto [icao=SATM, iata=MDX, name=Mercedes Airport, state=Corrientes, country=AR, elevation=358, lat=-29.2213993073, lon=-58.0877990723, tz=America/Argentina/Cordoba], Destino=Aeropuerto [icao=LIME, iata=BGY, name=Bergamo / Orio Al Serio Airport, state=Lombardy, country=IT, elevation=782, lat=45.6739006042, lon=9.7041702271, tz=Europe/Rome], Estado=REGISTRADO]
Vuelo [nroVuelo=null, hora de partida= 23:37, nroFila=0, nroColumnas=0, tipo_vuelo=INTERNACIONAL, Origen=Aeropuerto [icao=SATM, iata=MDX, name=Mercedes Airport, state=Corrientes, country=AR, elevation=358, lat=-29.2213993073, lon=-58.0877990723, tz=America/Argentina/Cordoba], Destino=Aeropuerto [icao=SSEX, iata=, name=Estancia Caiman Airport, state=Mato-Grosso-do-Sul, country=BR, elevation=361, lat=-19.9661102295, lon=-56.3108329773, tz=America/Campo_Grande], Estado=REGISTRADO]
Vuelo [nroVuelo=null, hora de partida= 17:01, nroFila=0, nroColumnas=0, tipo_vuelo=INTERNACIONAL, Origen=Aeropuerto [icao=SATM, iata=MDX, name=Mercedes Airport, state=Corrientes, country=AR, elevation=358, lat=-29.2213993073, lon=-58.0877990723, tz=America/Argentina/Cordoba], Destino=Aeropuerto [icao=1MT6, iata=, name=Bobcat Field, state=Montana, country=US, elevation=4824, lat=46.3568992615, lon=-113.5100021362, tz=America/Denver], Estado=REGISTRADO]
Vuelo [nroVuelo=null, hora de partida= 13:10, nroFila=0, nroColumnas=0, tipo_vuelo=INTERNACIONAL, Origen=Aeropuerto [icao=SATM, iata=MDX, name=Mercedes Airport, state=Corrientes, country=AR, elevation=358, lat=-29.2213993073, lon=-58.0877990723, tz=America/Argentina/Cordoba], Destino=Aeropuerto [icao=00WN, iata=, name=Hawks Run Airport, state=Washington, country=US, elevation=2900, lat=46.25, lon=-117.2490005493, tz=America/Los_Angeles], Estado=REGISTRADO]
Vuelo [nroVuelo=null, hora de partida= 17:18, nroFila=0, nroColumnas=0, tipo_vuelo=INTERNACIONAL, Origen=Aeropuerto [icao=SATM, iata=MDX, name=Mercedes Airport, state=Corrientes, country=AR, elevation=358, lat=-29.2213993073, lon=-58.0877990723, tz=America/Argentina/Cordoba], Destino=Aeropuerto [icao=CJT5, iata=, name=Melita Airport, state=Manitoba, country=CA, elevation=1475, lat=49.2616996765, lon=-101.013999939, tz=America/Winnipeg], Estado=REGISTRADO]
Vuelo [nroVuelo=null, hora de partida= 08:32, nroFila=0, nroColumnas=0, tipo_vuelo=INTERNACIONAL, Origen=Aeropuerto [icao=SATM, iata=MDX, name=Mercedes Airport, state=Corrientes, country=AR, elevation=358, lat=-29.2213993073, lon=-58.0877990723, tz=America/Argentina/Cordoba], Destino=Aeropuerto [icao=VTPH, iata=HHQ, name=Hua Hin Airport, state=Phetchaburi, country=TH, elevation=62, lat=12.6361999512, lon=99.951499939, tz=Asia/Bangkok], Estado=REGISTRADO]
Vuelo [nroVuelo=null, hora de partida= 05:13, nroFila=0, nroColumnas=0, tipo_vuelo=INTERNACIONAL, Origen=Aeropuerto [icao=SATM, iata=MDX, name=Mercedes Airport, state=Corrientes, country=AR, elevation=358, lat=-29.2213993073, lon=-58.0877990723, tz=America/Argentina/Cordoba], Destino=Aeropuerto [icao=LGKP, iata=AOK, name=Karpathos Airport, state=South-Aegean, country=GR, elevation=66, lat=35.4213981628, lon=27.1459999084, tz=Europe/Athens], Estado=REGISTRADO]
Vuelo [nroVuelo=null, hora de partida= 18:11, nroFila=0, nroColumnas=0, tipo_vuelo=INTERNACIONAL, Origen=Aeropuerto [icao=SATM, iata=MDX, name=Mercedes Airport, state=Corrientes, country=AR, elevation=358, lat=-29.2213993073, lon=-58.0877990723, tz=America/Argentina/Cordoba], Destino=Aeropuerto [icao=ZWHM, iata=HMI, name=Hami Airport, state=Xinjiang, country=CN, elevation=2703, lat=42.8414001465, lon=93.6691970825, tz=Asia/Shanghai], Estado=REGISTRADO]
Vuelo [nroVuelo=null, hora de partida= 02:33, nroFila=0, nroColumnas=0, tipo_vuelo=INTERNACIONAL, Origen=Aeropuerto [icao=SATM, iata=MDX, name=Mercedes Airport, state=Corrientes, country=AR, elevation=358, lat=-29.2213993073, lon=-58.0877990723, tz=America/Argentina/Cordoba], Destino=Aeropuerto [icao=OL09, iata=, name=Jennings Ranch Airport, state=Oklahoma, country=US, elevation=1620, lat=34.8833999634, lon=-98.7502975464, tz=America/Chicago], Estado=REGISTRADO]
Vuelo [nroVuelo=null, hora de partida= 08:14, nroFila=0, nroColumnas=0, tipo_vuelo=INTERNACIONAL, Origen=Aeropuerto [icao=SATM, iata=MDX, name=Mercedes Airport, state=Corrientes, country=AR, elevation=358, lat=-29.2213993073, lon=-58.0877990723, tz=America/Argentina/Cordoba], Destino=Aeropuerto [icao=VT17, iata=, name=Smith Airport, state=Vermont, country=US, elevation=1502, lat=43.3689994812, lon=-72.6743011475, tz=America/New_York], Estado=REGISTRADO]
Vuelo [nroVuelo=null, hora de partida= 01:01, nroFila=0, nroColumnas=0, tipo_vuelo=INTERNACIONAL, Origen=Aeropuerto [icao=SATM, iata=MDX, name=Mercedes Airport, state=Corrientes, country=AR, elevation=358, lat=-29.2213993073, lon=-58.0877990723, tz=America/Argentina/Cordoba], Destino=Aeropuerto [icao=OYSF, iata=, name=As Salif Airport, state=Al-Hudaydah, country=YE, elevation=0, lat=15.3000001907, lon=42.6829986572, tz=Asia/Aden], Estado=REGISTRADO]
Vuelo [nroVuelo=null, hora de partida= 11:19, nroFila=0, nroColumnas=0, tipo_vuelo=INTERNACIONAL, Origen=Aeropuerto [icao=SATM, iata=MDX, name=Mercedes Airport, state=Corrientes, country=AR, elevation=358, lat=-29.2213993073, lon=-58.0877990723, tz=America/Argentina/Cordoba], Destino=Aeropuerto [icao=93OK, iata=, name=Jantzen Airport, state=Oklahoma, country=US, elevation=670, lat=35.9345016479, lon=-95.5914001465, tz=America/Chicago], Estado=REGISTRADO]
Vuelo [nroVuelo=null, hora de partida= 14:11, nroFila=0, nroColumnas=0, tipo_vuelo=INTERNACIONAL, Origen=Aeropuerto [icao=SATM, iata=MDX, name=Mercedes Airport, state=Corrientes, country=AR, elevation=358, lat=-29.2213993073, lon=-58.0877990723, tz=America/Argentina/Cordoba], Destino=Aeropuerto [icao=KD05, iata=, name=Garrison Municipal Airport, state=North-Dakota, country=US, elevation=1935, lat=47.6558990479, lon=-101.43699646, tz=America/Chicago], Estado=REGISTRADO]
Vuelo [nroVuelo=null, hora de partida= 00:50, nroFila=0, nroColumnas=0, tipo_vuelo=INTERNACIONAL, Origen=Aeropuerto [icao=SATM, iata=MDX, name=Mercedes Airport, state=Corrientes, country=AR, elevation=358, lat=-29.2213993073, lon=-58.0877990723, tz=America/Argentina/Cordoba], Destino=Aeropuerto [icao=SDKE, iata=, name=Coribe Airport, state=Bahia, country=BR, elevation=2198, lat=-13.7772216797, lon=-44.4644432068, tz=America/Bahia], Estado=REGISTRADO]
Vuelo [nroVuelo=null, hora de partida= 07:48, nroFila=0, nroColumnas=0, tipo_vuelo=INTERNACIONAL, Origen=Aeropuerto [icao=SATM, iata=MDX, name=Mercedes Airport, state=Corrientes, country=AR, elevation=358, lat=-29.2213993073, lon=-58.0877990723, tz=America/Argentina/Cordoba], Destino=Aeropuerto [icao=SNWB, iata=, name=Fazenda Sao Lucas Airport, state=Sao-Paulo, country=BR, elevation=1099, lat=-20.9322223663, lon=-50.956943512, tz=America/Sao_Paulo], Estado=REGISTRADO]
Vuelo [nroVuelo=null, hora de partida= 13:19, nroFila=0, nroColumnas=0, tipo_vuelo=INTERNACIONAL, Origen=Aeropuerto [icao=SATM, iata=MDX, name=Mercedes Airport, state=Corrientes, country=AR, elevation=358, lat=-29.2213993073, lon=-58.0877990723, tz=America/Argentina/Cordoba], Destino=Aeropuerto [icao=7OI7, iata=, name=Southcreek Airport, state=Ohio, country=US, elevation=665, lat=41.2994995117, lon=-83.0112991333, tz=America/New_York], Estado=REGISTRADO]
Vuelo [nroVuelo=null, hora de partida= 00:01, nroFila=0, nroColumnas=0, tipo_vuelo=INTERNACIONAL, Origen=Aeropuerto [icao=SATM, iata=MDX, name=Mercedes Airport, state=Corrientes, country=AR, elevation=358, lat=-29.2213993073, lon=-58.0877990723, tz=America/Argentina/Cordoba], Destino=Aeropuerto [icao=5TE7, iata=, name=Renz Ranch Airport, state=Texas, country=US, elevation=220, lat=29.7194004059, lon=-96.3094024658, tz=America/Chicago], Estado=REGISTRADO]
Vuelo [nroVuelo=null, hora de partida= 02:25, nroFila=0, nroColumnas=0, tipo_vuelo=INTERNACIONAL, Origen=Aeropuerto [icao=SATM, iata=MDX, name=Mercedes Airport, state=Corrientes, country=AR, elevation=358, lat=-29.2213993073, lon=-58.0877990723, tz=America/Argentina/Cordoba], Destino=Aeropuerto [icao=2CO2, iata=, name=CMRS Airdrome Airport, state=Colorado, country=US, elevation=7872, lat=38.5402984619, lon=-106.105003357, tz=America/Denver], Estado=REGISTRADO]
Vuelo [nroVuelo=null, hora de partida= 16:19, nroFila=0, nroColumnas=0, tipo_vuelo=NACIONAL, Origen=Aeropuerto [icao=SATM, iata=MDX, name=Mercedes Airport, state=Corrientes, country=AR, elevation=358, lat=-29.2213993073, lon=-58.0877990723, tz=America/Argentina/Cordoba], Destino=Aeropuerto [icao=SAAC, iata=COC, name=Comodoro Pierrestegui Airport, state=Entre-Rios, country=AR, elevation=112, lat=-31.2969, lon=-57.9966, tz=America/Argentina/Cordoba], Estado=REGISTRADO]
Vuelo [nroVuelo=null, hora de partida= 08:00, nroFila=0, nroColumnas=0, tipo_vuelo=NACIONAL, Origen=Aeropuerto [icao=SATM, iata=MDX, name=Mercedes Airport, state=Corrientes, country=AR, elevation=358, lat=-29.2213993073, lon=-58.0877990723, tz=America/Argentina/Cordoba], Destino=Aeropuerto [icao=SAOC, iata=RCU, name=Area De Material Airport, state=Cordoba, country=AR, elevation=1380, lat=-33.0850982666, lon=-64.2612991333, tz=America/Argentina/Cordoba], Estado=REGISTRADO]
Vuelo [nroVuelo=null, hora de partida= 12:49, nroFila=0, nroColumnas=0, tipo_vuelo=NACIONAL, Origen=Aeropuerto [icao=SATM, iata=MDX, name=Mercedes Airport, state=Corrientes, country=AR, elevation=358, lat=-29.2213993073, lon=-58.0877990723, tz=America/Argentina/Cordoba], Destino=Aeropuerto [icao=SAVS, iata=SGV, name=Sierra Grande Airport, state=Rio-Negro, country=AR, elevation=688, lat=-41.5917015076, lon=-65.3394012451, tz=America/Argentina/Salta], Estado=REGISTRADO]
Vuelo [nroVuelo=null, hora de partida= 21:38, nroFila=0, nroColumnas=0, tipo_vuelo=NACIONAL, Origen=Aeropuerto [icao=SATM, iata=MDX, name=Mercedes Airport, state=Corrientes, country=AR, elevation=358, lat=-29.2213993073, lon=-58.0877990723, tz=America/Argentina/Cordoba], Destino=Aeropuerto [icao=SANL, iata=IRJ, name=Capitan V A Almonacid Airport, state=La-Rioja, country=AR, elevation=1437, lat=-29.3815994263, lon=-66.7957992554, tz=America/Argentina/La_Rioja], Estado=REGISTRADO]
Vuelo [nroVuelo=null, hora de partida= 03:41, nroFila=0, nroColumnas=0, tipo_vuelo=NACIONAL, Origen=Aeropuerto [icao=SATM, iata=MDX, name=Mercedes Airport, state=Corrientes, country=AR, elevation=358, lat=-29.2213993073, lon=-58.0877990723, tz=America/Argentina/Cordoba], Destino=Aeropuerto [icao=SADO, iata=, name=Campo De Mayo Airport, state=Buenos-Aires, country=AR, elevation=78, lat=-34.5344, lon=-58.6717, tz=America/Argentina/Buenos_Aires], Estado=REGISTRADO]
Vuelo [nroVuelo=null, hora de partida= 22:06, nroFila=0, nroColumnas=0, tipo_vuelo=NACIONAL, Origen=Aeropuerto [icao=SATM, iata=MDX, name=Mercedes Airport, state=Corrientes, country=AR, elevation=358, lat=-29.2213993073, lon=-58.0877990723, tz=America/Argentina/Cordoba], Destino=Aeropuerto [icao=SA41, iata=, name=El Colorado Airport, state=Formosa, country=AR, elevation=269, lat=-26.3166866302, lon=-59.3397636414, tz=America/Argentina/Cordoba], Estado=REGISTRADO]
Vuelo [nroVuelo=null, hora de partida= 05:45, nroFila=0, nroColumnas=0, tipo_vuelo=NACIONAL, Origen=Aeropuerto [icao=SATM, iata=MDX, name=Mercedes Airport, state=Corrientes, country=AR, elevation=358, lat=-29.2213993073, lon=-58.0877990723, tz=America/Argentina/Cordoba], Destino=Aeropuerto [icao=SADS, iata=, name=Aeroclub Argentino Airport, state=Buenos-Aires, country=AR, elevation=62, lat=-34.7311, lon=-58.5975, tz=America/Argentina/Buenos_Aires], Estado=REGISTRADO]
Vuelo [nroVuelo=null, hora de partida= 17:29, nroFila=0, nroColumnas=0, tipo_vuelo=NACIONAL, Origen=Aeropuerto [icao=SATM, iata=MDX, name=Mercedes Airport, state=Corrientes, country=AR, elevation=358, lat=-29.2213993073, lon=-58.0877990723, tz=America/Argentina/Cordoba], Destino=Aeropuerto [icao=SARD, iata=, name=Resistencia (City) Airport, state=Chaco, country=AR, elevation=175, lat=-27.4657001495, lon=-58.9790000916, tz=America/Argentina/Cordoba], Estado=REGISTRADO]
Vuelo [nroVuelo=null, hora de partida= 01:06, nroFila=0, nroColumnas=0, tipo_vuelo=NACIONAL, Origen=Aeropuerto [icao=SATM, iata=MDX, name=Mercedes Airport, state=Corrientes, country=AR, elevation=358, lat=-29.2213993073, lon=-58.0877990723, tz=America/Argentina/Cordoba], Destino=Aeropuerto [icao=SAZQ, iata=, name=Rio Colorado Airport, state=Rio-Negro, country=AR, elevation=275, lat=-38.995, lon=-64.1408, tz=America/Argentina/Salta], Estado=REGISTRADO]
Vuelo [nroVuelo=null, hora de partida= 11:34, nroFila=0, nroColumnas=0, tipo_vuelo=NACIONAL, Origen=Aeropuerto [icao=SATM, iata=MDX, name=Mercedes Airport, state=Corrientes, country=AR, elevation=358, lat=-29.2213993073, lon=-58.0877990723, tz=America/Argentina/Cordoba], Destino=Aeropuerto [icao=SANC, iata=CTC, name=Catamarca Airport, state=Catamarca, country=AR, elevation=1522, lat=-28.5956001282, lon=-65.751701355, tz=America/Argentina/Catamarca], Estado=REGISTRADO]
Vuelo [nroVuelo=null, hora de partida= 20:27, nroFila=0, nroColumnas=0, tipo_vuelo=NACIONAL, Origen=Aeropuerto [icao=SATM, iata=MDX, name=Mercedes Airport, state=Corrientes, country=AR, elevation=358, lat=-29.2213993073, lon=-58.0877990723, tz=America/Argentina/Cordoba], Destino=Aeropuerto [icao=SAWC, iata=FTE, name=El Calafate Airport, state=Santa-Cruz, country=AR, elevation=669, lat=-50.2803001404, lon=-72.0531005859, tz=America/Argentina/Rio_Gallegos], Estado=REGISTRADO]
Vuelo [nroVuelo=null, hora de partida= 16:34, nroFila=0, nroColumnas=0, tipo_vuelo=NACIONAL, Origen=Aeropuerto [icao=SATM, iata=MDX, name=Mercedes Airport, state=Corrientes, country=AR, elevation=358, lat=-29.2213993073, lon=-58.0877990723, tz=America/Argentina/Cordoba], Destino=Aeropuerto [icao=SAWU, iata=RZA, name=Santa Cruz Airport, state=Santa-Cruz, country=AR, elevation=364, lat=-50.0165, lon=-68.5792, tz=America/Argentina/Rio_Gallegos], Estado=REGISTRADO]
Vuelo [nroVuelo=null, hora de partida= 12:05, nroFila=0, nroColumnas=0, tipo_vuelo=NACIONAL, Origen=Aeropuerto [icao=SATM, iata=MDX, name=Mercedes Airport, state=Corrientes, country=AR, elevation=358, lat=-29.2213993073, lon=-58.0877990723, tz=America/Argentina/Cordoba], Destino=Aeropuerto [icao=SA33, iata=, name=Comandante Luis Piedrabuena Airport, state=Santa-Cruz, country=AR, elevation=78, lat=-49.9951, lon=-68.9531, tz=America/Argentina/Rio_Gallegos], Estado=REGISTRADO]
Vuelo [nroVuelo=null, hora de partida= 03:40, nroFila=0, nroColumnas=0, tipo_vuelo=NACIONAL, Origen=Aeropuerto [icao=SATM, iata=MDX, name=Mercedes Airport, state=Corrientes, country=AR, elevation=358, lat=-29.2213993073, lon=-58.0877990723, tz=America/Argentina/Cordoba], Destino=Aeropuerto [icao=SAZS, iata=BRC, name=San Carlos De Bariloche Airport, state=Rio-Negro, country=AR, elevation=2774, lat=-41.1511993408, lon=-71.1575012207, tz=America/Argentina/Salta], Estado=REGISTRADO]
Vuelo [nroVuelo=null, hora de partida= 15:12, nroFila=0, nroColumnas=0, tipo_vuelo=NACIONAL, Origen=Aeropuerto [icao=SATM, iata=MDX, name=Mercedes Airport, state=Corrientes, country=AR, elevation=358, lat=-29.2213993073, lon=-58.0877990723, tz=America/Argentina/Cordoba], Destino=Aeropuerto [icao=SACE, iata=, name=Escuela De Aviacion Militar Airport, state=Cordoba, country=AR, elevation=1646, lat=-31.4449996948, lon=-64.2838973999, tz=America/Argentina/Cordoba], Estado=REGISTRADO]
Vuelo [nroVuelo=null, hora de partida= 22:20, nroFila=0, nroColumnas=0, tipo_vuelo=NACIONAL, Origen=Aeropuerto [icao=SATM, iata=MDX, name=Mercedes Airport, state=Corrientes, country=AR, elevation=358, lat=-29.2213993073, lon=-58.0877990723, tz=America/Argentina/Cordoba], Destino=Aeropuerto [icao=SA20, iata=, name=Loma La Lata Airport, state=Neuquen, country=AR, elevation=1328, lat=-38.4137992859, lon=-68.7372970581, tz=America/Argentina/Salta], Estado=REGISTRADO]
Vuelo [nroVuelo=null, hora de partida= 08:47, nroFila=0, nroColumnas=0, tipo_vuelo=NACIONAL, Origen=Aeropuerto [icao=SATM, iata=MDX, name=Mercedes Airport, state=Corrientes, country=AR, elevation=358, lat=-29.2213993073, lon=-58.0877990723, tz=America/Argentina/Cordoba], Destino=Aeropuerto [icao=SAZF, iata=OVR, name=Olavarria Airport, state=Buenos-Aires, country=AR, elevation=551, lat=-36.8899993896, lon=-60.2165985107, tz=America/Argentina/Buenos_Aires], Estado=REGISTRADO]
Vuelo [nroVuelo=null, hora de partida= 11:38, nroFila=0, nroColumnas=0, tipo_vuelo=NACIONAL, Origen=Aeropuerto [icao=SATM, iata=MDX, name=Mercedes Airport, state=Corrientes, country=AR, elevation=358, lat=-29.2213993073, lon=-58.0877990723, tz=America/Argentina/Cordoba], Destino=Aeropuerto [icao=SABE, iata=AEP, name=Jorge Newbery Airpark, state=Buenos-Aires-F-D-, country=AR, elevation=18, lat=-34.5592, lon=-58.4156, tz=America/Argentina/Buenos_Aires], Estado=REGISTRADO]
Vuelo [nroVuelo=null, hora de partida= 09:41, nroFila=0, nroColumnas=0, tipo_vuelo=NACIONAL, Origen=Aeropuerto [icao=SATM, iata=MDX, name=Mercedes Airport, state=Corrientes, country=AR, elevation=358, lat=-29.2213993073, lon=-58.0877990723, tz=America/Argentina/Cordoba], Destino=Aeropuerto [icao=SAFS, iata=NCJ, name=Sunchales Aeroclub Airport, state=Santa-Fe, country=AR, elevation=311, lat=-30.9575, lon=-61.5283, tz=America/Argentina/Cordoba], Estado=REGISTRADO]
Vuelo [nroVuelo=null, hora de partida= 14:57, nroFila=0, nroColumnas=0, tipo_vuelo=NACIONAL, Origen=Aeropuerto [icao=SATM, iata=MDX, name=Mercedes Airport, state=Corrientes, country=AR, elevation=358, lat=-29.2213993073, lon=-58.0877990723, tz=America/Argentina/Cordoba], Destino=Aeropuerto [icao=SAMU, iata=, name=Uspallata Airport, state=Mendoza, country=AR, elevation=6525, lat=-32.538898468, lon=-69.3458023071, tz=America/Argentina/Mendoza], Estado=REGISTRADO]
Vuelo [nroVuelo=null, hora de partida= 14:06, nroFila=0, nroColumnas=0, tipo_vuelo=NACIONAL, Origen=Aeropuerto [icao=SATM, iata=MDX, name=Mercedes Airport, state=Corrientes, country=AR, elevation=358, lat=-29.2213993073, lon=-58.0877990723, tz=America/Argentina/Cordoba], Destino=Aeropuerto [icao=SAZX, iata=, name=Nueve De Julio Airport, state=Buenos-Aires, country=AR, elevation=246, lat=-35.3997, lon=-60.9358, tz=America/Argentina/Buenos_Aires], Estado=REGISTRADO]
Vuelo [nroVuelo=null, hora de partida= 20:49, nroFila=0, nroColumnas=0, tipo_vuelo=NACIONAL, Origen=Aeropuerto [icao=SATM, iata=MDX, name=Mercedes Airport, state=Corrientes, country=AR, elevation=358, lat=-29.2213993073, lon=-58.0877990723, tz=America/Argentina/Cordoba], Destino=Aeropuerto [icao=SA24, iata=, name=Calilegua Airport, state=Jujuy, country=AR, elevation=1449, lat=-23.7819004059, lon=-64.74949646, tz=America/Argentina/Jujuy], Estado=REGISTRADO]
Vuelo [nroVuelo=null, hora de partida= 02:40, nroFila=0, nroColumnas=0, tipo_vuelo=NACIONAL, Origen=Aeropuerto [icao=SATM, iata=MDX, name=Mercedes Airport, state=Corrientes, country=AR, elevation=358, lat=-29.2213993073, lon=-58.0877990723, tz=America/Argentina/Cordoba], Destino=Aeropuerto [icao=SA05, iata=, name=Bell Ville Airport, state=Cordoba, country=AR, elevation=429, lat=-32.6599, lon=-62.702, tz=America/Argentina/Cordoba], Estado=REGISTRADO]
Vuelo [nroVuelo=null, hora de partida= 16:26, nroFila=0, nroColumnas=0, tipo_vuelo=NACIONAL, Origen=Aeropuerto [icao=SATM, iata=MDX, name=Mercedes Airport, state=Corrientes, country=AR, elevation=358, lat=-29.2213993073, lon=-58.0877990723, tz=America/Argentina/Cordoba], Destino=Aeropuerto [icao=SAVS, iata=SGV, name=Sierra Grande Airport, state=Rio-Negro, country=AR, elevation=688, lat=-41.5917015076, lon=-65.3394012451, tz=America/Argentina/Salta], Estado=REGISTRADO]
Vuelo [nroVuelo=null, hora de partida= 04:09, nroFila=0, nroColumnas=0, tipo_vuelo=NACIONAL, Origen=Aeropuerto [icao=SATM, iata=MDX, name=Mercedes Airport, state=Corrientes, country=AR, elevation=358, lat=-29.2213993073, lon=-58.0877990723, tz=America/Argentina/Cordoba], Destino=Aeropuerto [icao=SADM, iata=, name=Moron Airport, state=Buenos-Aires, country=AR, elevation=95, lat=-34.6763, lon=-58.6428, tz=America/Argentina/Buenos_Aires], Estado=REGISTRADO]
Vuelo [nroVuelo=null, hora de partida= 04:29, nroFila=0, nroColumnas=0, tipo_vuelo=INTERNACIONAL, Origen=Aeropuerto [icao=SATM, iata=MDX, name=Mercedes Airport, state=Corrientes, country=AR, elevation=358, lat=-29.2213993073, lon=-58.0877990723, tz=America/Argentina/Cordoba], Destino=Aeropuerto [icao=0IL8, iata=, name=Walter Airport, state=Illinois, country=US, elevation=890, lat=41.8725013733, lon=-88.7237014771, tz=America/Chicago], Estado=DEMORADO]
Vuelo [nroVuelo=null, hora de partida= 11:20, nroFila=0, nroColumnas=0, tipo_vuelo=INTERNACIONAL, Origen=Aeropuerto [icao=SATM, iata=MDX, name=Mercedes Airport, state=Corrientes, country=AR, elevation=358, lat=-29.2213993073, lon=-58.0877990723, tz=America/Argentina/Cordoba], Destino=Aeropuerto [icao=40OK, iata=, name=Hilltop Airport, state=Oklahoma, country=US, elevation=930, lat=36.1161003113, lon=-96.5381011963, tz=America/Chicago], Estado=DEMORADO]
Vuelo [nroVuelo=null, hora de partida= 19:33, nroFila=0, nroColumnas=0, tipo_vuelo=INTERNACIONAL, Origen=Aeropuerto [icao=SATM, iata=MDX, name=Mercedes Airport, state=Corrientes, country=AR, elevation=358, lat=-29.2213993073, lon=-58.0877990723, tz=America/Argentina/Cordoba], Destino=Aeropuerto [icao=SWIG, iata=, name=Fazenda Sao Jose Airport, state=Mato-Grosso, country=BR, elevation=879, lat=-15.0108327866, lon=-59.2522201538, tz=America/Cuiaba], Estado=DEMORADO]
Vuelo [nroVuelo=null, hora de partida= 19:19, nroFila=0, nroColumnas=0, tipo_vuelo=INTERNACIONAL, Origen=Aeropuerto [icao=SATM, iata=MDX, name=Mercedes Airport, state=Corrientes, country=AR, elevation=358, lat=-29.2213993073, lon=-58.0877990723, tz=America/Argentina/Cordoba], Destino=Aeropuerto [icao=39MI, iata=, name=Huber Airport, state=Michigan, country=US, elevation=1418, lat=46.168800354, lon=-88.1724014282, tz=America/Menominee], Estado=DEMORADO]
Vuelo [nroVuelo=null, hora de partida= 18:18, nroFila=0, nroColumnas=0, tipo_vuelo=INTERNACIONAL, Origen=Aeropuerto [icao=SATM, iata=MDX, name=Mercedes Airport, state=Corrientes, country=AR, elevation=358, lat=-29.2213993073, lon=-58.0877990723, tz=America/Argentina/Cordoba], Destino=Aeropuerto [icao=GA30, iata=, name=Eliott Barrow Airport, state=Georgia, country=US, elevation=400, lat=33.2000999451, lon=-82.2665023804, tz=America/New_York], Estado=DEMORADO]
Vuelo [nroVuelo=null, hora de partida= 10:53, nroFila=0, nroColumnas=0, tipo_vuelo=NACIONAL, Origen=Aeropuerto [icao=SATM, iata=MDX, name=Mercedes Airport, state=Corrientes, country=AR, elevation=358, lat=-29.2213993073, lon=-58.0877990723, tz=America/Argentina/Cordoba], Destino=Aeropuerto [icao=SAWS, iata=JSM, name=Jose De San Martin Airport, state=Chubut, country=AR, elevation=2407, lat=-44.0485992432, lon=-70.4589004517, tz=America/Argentina/Catamarca], Estado=DEMORADO]
Vuelo [nroVuelo=null, hora de partida= 11:53, nroFila=0, nroColumnas=0, tipo_vuelo=NACIONAL, Origen=Aeropuerto [icao=SATM, iata=MDX, name=Mercedes Airport, state=Corrientes, country=AR, elevation=358, lat=-29.2213993073, lon=-58.0877990723, tz=America/Argentina/Cordoba], Destino=Aeropuerto [icao=SAZV, iata=VLG, name=Villa Gesell Airport, state=Buenos-Aires, country=AR, elevation=32, lat=-37.2354, lon=-57.0292, tz=America/Argentina/Buenos_Aires], Estado=DEMORADO]
Vuelo [nroVuelo=null, hora de partida= 16:12, nroFila=0, nroColumnas=0, tipo_vuelo=NACIONAL, Origen=Aeropuerto [icao=SATM, iata=MDX, name=Mercedes Airport, state=Corrientes, country=AR, elevation=358, lat=-29.2213993073, lon=-58.0877990723, tz=America/Argentina/Cordoba], Destino=Aeropuerto [icao=SAVY, iata=PMY, name=El Tehuelche Airport, state=Chubut, country=AR, elevation=427, lat=-42.7592, lon=-65.1027, tz=America/Argentina/Catamarca], Estado=DEMORADO]
Vuelo [nroVuelo=null, hora de partida= 13:02, nroFila=0, nroColumnas=0, tipo_vuelo=NACIONAL, Origen=Aeropuerto [icao=SATM, iata=MDX, name=Mercedes Airport, state=Corrientes, country=AR, elevation=358, lat=-29.2213993073, lon=-58.0877990723, tz=America/Argentina/Cordoba], Destino=Aeropuerto [icao=SACT, iata=, name=Chamical Airport, state=La-Rioja, country=AR, elevation=1502, lat=-30.3453006744, lon=-66.2936019897, tz=America/Argentina/La_Rioja], Estado=DEMORADO]
Vuelo [nroVuelo=null, hora de partida= 02:02, nroFila=0, nroColumnas=0, tipo_vuelo=NACIONAL, Origen=Aeropuerto [icao=SATM, iata=MDX, name=Mercedes Airport, state=Corrientes, country=AR, elevation=358, lat=-29.2213993073, lon=-58.0877990723, tz=America/Argentina/Cordoba], Destino=Aeropuerto [icao=SAVM, iata=OLN, name=Lago Musters Airport, state=Chubut, country=AR, elevation=883, lat=-45.5777777778, lon=-69.0727777778, tz=America/Argentina/Catamarca], Estado=DEMORADO]
--Ejecucion de inserciones terminada.--
]]></system-out>
  </testcase>
</testsuite>